Log file open, 04/06/21 10:02:36
LogWindows: Failed to load 'aqProf.dll' (GetLastError=126)
LogWindows: File 'aqProf.dll' does not exist
LogWindows: Failed to load 'VtuneApi.dll' (GetLastError=126)
LogWindows: File 'VtuneApi.dll' does not exist
LogWindows: Failed to load 'VtuneApi32e.dll' (GetLastError=126)
LogWindows: File 'VtuneApi32e.dll' does not exist
LogConsoleResponse: Display: Failed to find resolution value strings in scalability ini. Falling back to default.
LogInit: Display: Running engine for game: KratosAxe_System
LogPlatformFile: Not using cached read wrapper
LogTaskGraph: Started task graph with 5 named threads and 20 total threads with 3 sets of task threads.
LogStats: Stats thread started at 6.852822
LogD3D11RHI: Loaded GFSDK_Aftermath_Lib.x64.dll
LogICUInternationalization: ICU TimeZone Detection - Raw Offset: -3:00, Platform Override: ''
LogPluginManager: Mounting plugin Paper2D
LogPluginManager: Mounting plugin AISupport
LogPluginManager: Mounting plugin LightPropagationVolume
LogPluginManager: Mounting plugin ActorLayerUtilities
LogPluginManager: Mounting plugin AnimationSharing
LogPluginManager: Mounting plugin CLionSourceCodeAccess
LogPluginManager: Mounting plugin CodeLiteSourceCodeAccess
LogPluginManager: Mounting plugin GitSourceControl
LogPluginManager: Mounting plugin KDevelopSourceCodeAccess
LogPluginManager: Mounting plugin NullSourceCodeAccess
LogPluginManager: Mounting plugin PerforceSourceControl
LogPluginManager: Mounting plugin PlasticSourceControl
LogPluginManager: Mounting plugin SubversionSourceControl
LogPluginManager: Mounting plugin UObjectPlugin
LogPluginManager: Mounting plugin VisualStudioCodeSourceCodeAccess
LogPluginManager: Mounting plugin VisualStudioSourceCodeAccess
LogPluginManager: Mounting plugin XCodeSourceCodeAccess
LogPluginManager: Mounting plugin AssetManagerEditor
LogPluginManager: Mounting plugin CryptoKeys
LogPluginManager: Mounting plugin CurveEditorTools
LogPluginManager: Mounting plugin DataValidation
LogPluginManager: Mounting plugin FacialAnimation
LogPluginManager: Mounting plugin GameplayTagsEditor
LogPluginManager: Mounting plugin MacGraphicsSwitching
LogPluginManager: Mounting plugin MaterialAnalyzer
LogPluginManager: Mounting plugin MobileLauncherProfileWizard
LogPluginManager: Mounting plugin PluginBrowser
LogPluginManager: Mounting plugin SpeedTreeImporter
LogPluginManager: Mounting plugin DatasmithContent
LogPluginManager: Mounting plugin VariantManagerContent
LogPluginManager: Mounting plugin AlembicImporter
LogPluginManager: Mounting plugin AutomationUtils
LogPluginManager: Mounting plugin BackChannel
LogPluginManager: Mounting plugin CharacterAI
LogPluginManager: Mounting plugin GeometryCache
LogPluginManager: Mounting plugin PlatformCrypto
LogPluginManager: Mounting plugin ProxyLODPlugin
LogPluginManager: Mounting plugin SkeletalReduction
LogPluginManager: Mounting plugin MagicLeap
LogPluginManager: Mounting plugin MagicLeapMedia
LogPluginManager: Mounting plugin MLSDK
LogPluginManager: Mounting plugin AndroidMedia
LogPluginManager: Mounting plugin AvfMedia
LogPluginManager: Mounting plugin ImgMedia
LogPluginManager: Mounting plugin MediaCompositing
LogPluginManager: Mounting plugin MediaPlayerEditor
LogPluginManager: Mounting plugin WebMMedia
LogPluginManager: Mounting plugin WmfMedia
LogPluginManager: Mounting plugin TcpMessaging
LogPluginManager: Mounting plugin UdpMessaging
LogPluginManager: Mounting plugin ActorSequence
LogPluginManager: Mounting plugin LevelSequenceEditor
LogPluginManager: Mounting plugin MatineeToLevelSequence
LogPluginManager: Mounting plugin NetcodeUnitTest
LogPluginManager: Mounting plugin NUTUnrealEngine4
LogPluginManager: Mounting plugin OnlineSubsystemGooglePlay
LogPluginManager: Mounting plugin OnlineSubsystemIOS
LogPluginManager: Mounting plugin OnlineSubsystem
LogPluginManager: Mounting plugin OnlineSubsystemNull
LogPluginManager: Mounting plugin OnlineSubsystemUtils
LogPluginManager: Mounting plugin LauncherChunkInstaller
LogPluginManager: Mounting plugin AndroidDeviceProfileSelector
LogPluginManager: Mounting plugin AndroidMoviePlayer
LogPluginManager: Mounting plugin AndroidPermission
LogPluginManager: Mounting plugin AppleImageUtils
LogPluginManager: Mounting plugin AppleMoviePlayer
LogPluginManager: Mounting plugin ArchVisCharacter
LogPluginManager: Mounting plugin AssetTags
LogPluginManager: Mounting plugin AudioCapture
LogPluginManager: Mounting plugin CableComponent
LogPluginManager: Mounting plugin CustomMeshComponent
LogPluginManager: Mounting plugin EditableMesh
LogPluginManager: Mounting plugin ExampleDeviceProfileSelector
LogPluginManager: Mounting plugin GoogleCloudMessaging
LogPluginManager: Mounting plugin IOSDeviceProfileSelector
LogPluginManager: Mounting plugin LinuxDeviceProfileSelector
LogPluginManager: Mounting plugin LocationServicesBPLibrary
LogPluginManager: Mounting plugin MobilePatchingUtils
LogPluginManager: Mounting plugin OculusVR
LogPluginManager: Mounting plugin PhysXVehicles
LogPluginManager: Mounting plugin PostSplashScreen
LogPluginManager: Mounting plugin ProceduralMeshComponent
LogPluginManager: Mounting plugin RuntimePhysXCooking
LogPluginManager: Mounting plugin SignificanceManager
LogPluginManager: Mounting plugin SteamVR
LogPluginManager: Mounting plugin WebMMoviePlayer
LogPluginManager: Mounting plugin WindowsMoviePlayer
LogPluginManager: Mounting plugin ScreenshotTools
LogInit: Using libcurl 7.55.1-DEV
LogInit:  - built for x86_64-pc-win32
LogInit:  - supports SSL with OpenSSL/1.1.1
LogInit:  - supports HTTP deflate (compression) using libz 1.2.8
LogInit:  - other features:
LogInit:      CURL_VERSION_SSL
LogInit:      CURL_VERSION_LIBZ
LogInit:      CURL_VERSION_IPV6
LogInit:      CURL_VERSION_ASYNCHDNS
LogInit:      CURL_VERSION_LARGEFILE
LogInit:      CURL_VERSION_IDN
LogInit:  CurlRequestOptions (configurable via config and command line):
LogInit:  - bVerifyPeer = true  - Libcurl will verify peer certificate
LogInit:  - bUseHttpProxy = false  - Libcurl will NOT use HTTP proxy
LogInit:  - bDontReuseConnections = false  - Libcurl will reuse connections
LogInit:  - MaxHostConnections = 16  - Libcurl will limit the number of connections to a host
LogInit:  - LocalHostAddr = Default
LogInit:  - BufferSize = 65536
LogOnline: OSS: Creating online subsystem instance for: NULL
LogInit: WinSock: version 1.1 (2.2), MaxSocks=32767, MaxUdp=65467
LogOnline: OSS: TryLoadSubsystemAndSetDefault: Loaded subsystem for module [NULL]
LogInit: Build: ++UE4+Release-4.24-CL-11590370
LogInit: Engine Version: 4.24.3-11590370+++UE4+Release-4.24
LogInit: Compatible Engine Version: 4.24.0-10570792+++UE4+Release-4.24
LogInit: Net CL: 10570792
LogInit: OS: Windows 10 (Release 2004) (), CPU: Intel(R) Core(TM) i5-8400 CPU @ 2.80GHz, GPU: NVIDIA GeForce GTX 1060 6GB
LogInit: Compiled (64-bit): Feb 24 2020 15:39:18
LogInit: Compiled with Visual C++: 19.16.27032.01
LogInit: Build Configuration: Development
LogInit: Branch Name: ++UE4+Release-4.24
LogInit: Command Line: 
LogInit: Base Directory: D:/Program Files/EpicGames/UE_4.24/Engine/Binaries/Win64/
LogInit: Installed Engine Build: 1
LogDevObjectVersion: Number of dev versions registered: 25
LogDevObjectVersion:   Dev-Blueprints (B0D832E4-1F89-4F0D-ACCF-7EB736FD4AA2): 10
LogDevObjectVersion:   Dev-Build (E1C64328-A22C-4D53-A36C-8E866417BD8C): 0
LogDevObjectVersion:   Dev-Core (375EC13C-06E4-48FB-B500-84F0262A717E): 3
LogDevObjectVersion:   Dev-Editor (E4B068ED-F494-42E9-A231-DA0B2E46BB41): 37
LogDevObjectVersion:   Dev-Framework (CFFC743F-43B0-4480-9391-14DF171D2073): 36
LogDevObjectVersion:   Dev-Mobile (B02B49B5-BB20-44E9-A304-32B752E40360): 2
LogDevObjectVersion:   Dev-Networking (A4E4105C-59A1-49B5-A7C5-40C4547EDFEE): 0
LogDevObjectVersion:   Dev-Online (39C831C9-5AE6-47DC-9A44-9C173E1C8E7C): 0
LogDevObjectVersion:   Dev-Physics (78F01B33-EBEA-4F98-B9B4-84EACCB95AA2): 2
LogDevObjectVersion:   Dev-Platform (6631380F-2D4D-43E0-8009-CF276956A95A): 0
LogDevObjectVersion:   Dev-Rendering (12F88B9F-8875-4AFC-A67C-D90C383ABD29): 36
LogDevObjectVersion:   Dev-Sequencer (7B5AE74C-D270-4C10-A958-57980B212A5A): 11
LogDevObjectVersion:   Dev-VR (D7296918-1DD6-4BDD-9DE2-64A83CC13884): 2
LogDevObjectVersion:   Dev-LoadTimes (C2A15278-BFE7-4AFE-6C17-90FF531DF755): 1
LogDevObjectVersion:   Private-Geometry (6EACA3D4-40EC-4CC1-B786-8BED09428FC5): 3
LogDevObjectVersion:   Dev-AnimPhys (29E575DD-E0A3-4627-9D10-D276232CDCEA): 17
LogDevObjectVersion:   Dev-Anim (AF43A65D-7FD3-4947-9873-3E8ED9C1BB05): 2
LogDevObjectVersion:   Dev-ReflectionCapture (6B266CEC-1EC7-4B8F-A30B-E4D90942FC07): 1
LogDevObjectVersion:   Dev-Automation (0DF73D61-A23F-47EA-B727-89E90C41499A): 1
LogDevObjectVersion:   FortniteMain (601D1886-AC64-4F84-AA16-D3DE0DEAC7D6): 31
LogDevObjectVersion:   Dev-Enterprise (9DFFBCD6-494F-0158-E221-12823C92A888): 8
LogDevObjectVersion:   Dev-Niagara (F2AED0AC-9AFE-416F-8664-AA7FFA26D6FC): 1
LogDevObjectVersion:   Dev-Destruction (174F1F0B-B4C6-45A5-B13F-2EE8D0FB917D): 9
LogDevObjectVersion:   Dev-Physics-Ext (35F94A83-E258-406C-A318-09F59610247C): 8
LogDevObjectVersion:   Dev-CineCamera (B2E18506-4273-CFC2-A54E-F4BB758BBA07): 1
LogInit: Presizing for max 25165824 objects, including 0 objects not considered by GC, pre-allocating 0 bytes for permanent pool.
LogInit: Object subsystem initialized
LogConfig: Setting CVar [[con.DebugEarlyDefault:1]]
LogConfig: Setting CVar [[r.setres:1280x720]]
[2021.04.06-13.02.40:508][  0]LogConfig: Setting CVar [[r.VSync:0]]
[2021.04.06-13.02.40:508][  0]LogConfig: Setting CVar [[r.RHICmdBypass:0]]
[2021.04.06-13.02.40:523][  0]LogConfig: Applying CVar settings from Section [/Script/Engine.RendererSettings] File [D:/Downloads/Portfolio/System_09/KratosAxe_System/KratosAxe_System/Saved/Config/Windows/Engine.ini]
[2021.04.06-13.02.40:523][  0]LogConfig: Setting CVar [[r.GPUCrashDebugging:0]]
[2021.04.06-13.02.40:523][  0]LogConfig: Setting CVar [[r.MobileHDR:1]]
[2021.04.06-13.02.40:523][  0]LogConfig: Setting CVar [[r.Mobile.DisableVertexFog:1]]
[2021.04.06-13.02.40:523][  0]LogConfig: Setting CVar [[r.Shadow.CSM.MaxMobileCascades:2]]
[2021.04.06-13.02.40:523][  0]LogConfig: Setting CVar [[r.MobileMSAA:1]]
[2021.04.06-13.02.40:523][  0]LogConfig: Setting CVar [[r.Mobile.UseLegacyShadingModel:0]]
[2021.04.06-13.02.40:523][  0]LogConfig: Setting CVar [[r.Mobile.UseHWsRGBEncoding:0]]
[2021.04.06-13.02.40:523][  0]LogConfig: Setting CVar [[r.Mobile.AllowDitheredLODTransition:0]]
[2021.04.06-13.02.40:523][  0]LogConfig: Setting CVar [[r.Mobile.AllowSoftwareOcclusion:0]]
[2021.04.06-13.02.40:523][  0]LogConfig: Setting CVar [[r.DiscardUnusedQuality:0]]
[2021.04.06-13.02.40:523][  0]LogConfig: Setting CVar [[r.AllowOcclusionQueries:1]]
[2021.04.06-13.02.40:523][  0]LogConfig: Setting CVar [[r.MinScreenRadiusForLights:0.030000]]
[2021.04.06-13.02.40:523][  0]LogConfig: Setting CVar [[r.MinScreenRadiusForDepthPrepass:0.030000]]
[2021.04.06-13.02.40:523][  0]LogConfig: Setting CVar [[r.MinScreenRadiusForCSMDepth:0.010000]]
[2021.04.06-13.02.40:523][  0]LogConfig: Setting CVar [[r.PrecomputedVisibilityWarning:0]]
[2021.04.06-13.02.40:523][  0]LogConfig: Setting CVar [[r.TextureStreaming:1]]
[2021.04.06-13.02.40:523][  0]LogConfig: Setting CVar [[Compat.UseDXT5NormalMaps:0]]
[2021.04.06-13.02.40:523][  0]LogConfig: Setting CVar [[r.VirtualTextures:0]]
[2021.04.06-13.02.40:523][  0]LogConfig: Setting CVar [[r.VirtualTexturedLightmaps:0]]
[2021.04.06-13.02.40:523][  0]LogConfig: Setting CVar [[r.VT.TileSize:128]]
[2021.04.06-13.02.40:523][  0]LogConfig: Setting CVar [[r.VT.TileBorderSize:4]]
[2021.04.06-13.02.40:523][  0]LogConfig: Setting CVar [[r.vt.FeedbackFactor:16]]
[2021.04.06-13.02.40:523][  0]LogConfig: Setting CVar [[r.VT.EnableCompressZlib:1]]
[2021.04.06-13.02.40:523][  0]LogConfig: Setting CVar [[r.VT.EnableCompressCrunch:0]]
[2021.04.06-13.02.40:523][  0]LogConfig: Setting CVar [[r.ClearCoatNormal:0]]
[2021.04.06-13.02.40:523][  0]LogConfig: Setting CVar [[r.ReflectionCaptureResolution:128]]
[2021.04.06-13.02.40:523][  0]LogConfig: Setting CVar [[r.ReflectionEnvironmentLightmapMixBasedOnRoughness:1]]
[2021.04.06-13.02.40:523][  0]LogConfig: Setting CVar [[r.ForwardShading:0]]
[2021.04.06-13.02.40:523][  0]LogConfig: Setting CVar [[r.VertexFoggingForOpaque:1]]
[2021.04.06-13.02.40:523][  0]LogConfig: Setting CVar [[r.AllowStaticLighting:1]]
[2021.04.06-13.02.40:523][  0]LogConfig: Setting CVar [[r.NormalMapsForStaticLighting:0]]
[2021.04.06-13.02.40:523][  0]LogConfig: Setting CVar [[r.GenerateMeshDistanceFields:0]]
[2021.04.06-13.02.40:523][  0]LogConfig: Setting CVar [[r.DistanceFieldBuild.EightBit:0]]
[2021.04.06-13.02.40:523][  0]LogConfig: Setting CVar [[r.GenerateLandscapeGIData:0]]
[2021.04.06-13.02.40:523][  0]LogConfig: Setting CVar [[r.DistanceFieldBuild.Compress:0]]
[2021.04.06-13.02.40:523][  0]LogConfig: Setting CVar [[r.TessellationAdaptivePixelsPerTriangle:48.000000]]
[2021.04.06-13.02.40:523][  0]LogConfig: Setting CVar [[r.SeparateTranslucency:1]]
[2021.04.06-13.02.40:523][  0]LogConfig: Setting CVar [[r.TranslucentSortPolicy:0]]
[2021.04.06-13.02.40:523][  0]LogConfig: Setting CVar [[r.CustomDepth:1]]
[2021.04.06-13.02.40:523][  0]LogConfig: Setting CVar [[r.CustomDepthTemporalAAJitter:1]]
[2021.04.06-13.02.40:523][  0]LogConfig: Setting CVar [[r.PostProcessing.PropagateAlpha:0]]
[2021.04.06-13.02.40:523][  0]LogConfig: Setting CVar [[r.DefaultFeature.Bloom:1]]
[2021.04.06-13.02.40:523][  0]LogConfig: Setting CVar [[r.DefaultFeature.AmbientOcclusion:1]]
[2021.04.06-13.02.40:523][  0]LogConfig: Setting CVar [[r.DefaultFeature.AmbientOcclusionStaticFraction:1]]
[2021.04.06-13.02.40:523][  0]LogConfig: Setting CVar [[r.DefaultFeature.AutoExposure:0]]
[2021.04.06-13.02.40:523][  0]LogConfig: Setting CVar [[r.DefaultFeature.AutoExposure.Method:0]]
[2021.04.06-13.02.40:523][  0]LogConfig: Setting CVar [[r.DefaultFeature.AutoExposure.ExtendDefaultLuminanceRange:0]]
[2021.04.06-13.02.40:523][  0]LogConfig: Setting CVar [[r.UsePreExposure:1]]
[2021.04.06-13.02.40:523][  0]LogConfig: Setting CVar [[r.EyeAdaptation.EditorOnly:1]]
[2021.04.06-13.02.40:523][  0]LogConfig: Setting CVar [[r.DefaultFeature.MotionBlur:0]]
[2021.04.06-13.02.40:523][  0]LogConfig: Setting CVar [[r.DefaultFeature.LensFlare:0]]
[2021.04.06-13.02.40:523][  0]LogConfig: Setting CVar [[r.TemporalAA.Upsampling:0]]
[2021.04.06-13.02.40:523][  0]LogConfig: Setting CVar [[r.SSGI.Enable:0]]
[2021.04.06-13.02.40:523][  0]LogConfig: Setting CVar [[r.DefaultFeature.AntiAliasing:0]]
[2021.04.06-13.02.40:523][  0]LogConfig: Setting CVar [[r.DefaultFeature.LightUnits:1]]
[2021.04.06-13.02.40:523][  0]LogConfig: Setting CVar [[r.DefaultBackBufferPixelFormat:4]]
[2021.04.06-13.02.40:523][  0]LogConfig: Setting CVar [[r.Shadow.UnbuiltPreviewInGame:1]]
[2021.04.06-13.02.40:523][  0]LogConfig: Setting CVar [[r.StencilForLODDither:0]]
[2021.04.06-13.02.40:523][  0]LogConfig: Setting CVar [[r.EarlyZPass:3]]
[2021.04.06-13.02.40:548][  0]LogConfig: Setting CVar [[r.EarlyZPassOnlyMaterialMasking:0]]
[2021.04.06-13.02.40:548][  0]LogConfig: Setting CVar [[r.DBuffer:1]]
[2021.04.06-13.02.40:548][  0]LogConfig: Setting CVar [[r.ClearSceneMethod:1]]
[2021.04.06-13.02.40:548][  0]LogConfig: Setting CVar [[r.BasePassOutputsVelocity:0]]
[2021.04.06-13.02.40:548][  0]LogConfig: Setting CVar [[r.SelectiveBasePassOutputs:0]]
[2021.04.06-13.02.40:548][  0]LogConfig: Setting CVar [[fx.GPUSimulationTextureSizeX:1024]]
[2021.04.06-13.02.40:548][  0]LogConfig: Setting CVar [[fx.GPUSimulationTextureSizeY:1024]]
[2021.04.06-13.02.40:548][  0]LogConfig: Setting CVar [[r.AllowGlobalClipPlane:0]]
[2021.04.06-13.02.40:548][  0]LogConfig: Setting CVar [[r.GBufferFormat:1]]
[2021.04.06-13.02.40:548][  0]LogConfig: Setting CVar [[r.MorphTarget.Mode:1]]
[2021.04.06-13.02.40:548][  0]LogConfig: Setting CVar [[vr.InstancedStereo:0]]
[2021.04.06-13.02.40:548][  0]LogConfig: Setting CVar [[vr.MultiView:0]]
[2021.04.06-13.02.40:548][  0]LogConfig: Setting CVar [[vr.MobileMultiView:0]]
[2021.04.06-13.02.40:548][  0]LogConfig: Setting CVar [[vr.MobileMultiView.Direct:0]]
[2021.04.06-13.02.40:548][  0]LogConfig: Setting CVar [[vr.RoundRobinOcclusion:0]]
[2021.04.06-13.02.40:548][  0]LogConfig: Setting CVar [[vr.ODSCapture:0]]
[2021.04.06-13.02.40:548][  0]LogConfig: Setting CVar [[r.WireframeCullThreshold:5.000000]]
[2021.04.06-13.02.40:548][  0]LogConfig: Setting CVar [[r.RayTracing:0]]
[2021.04.06-13.02.40:548][  0]LogConfig: Setting CVar [[r.RayTracing.UseTextureLod:0]]
[2021.04.06-13.02.40:548][  0]LogConfig: Setting CVar [[r.SupportStationarySkylight:1]]
[2021.04.06-13.02.40:548][  0]LogConfig: Setting CVar [[r.SupportLowQualityLightmaps:1]]
[2021.04.06-13.02.40:548][  0]LogConfig: Setting CVar [[r.SupportPointLightWholeSceneShadows:1]]
[2021.04.06-13.02.40:548][  0]LogConfig: Setting CVar [[r.SupportAtmosphericFog:1]]
[2021.04.06-13.02.40:548][  0]LogConfig: Setting CVar [[r.SupportSkyAtmosphere:1]]
[2021.04.06-13.02.40:548][  0]LogConfig: Setting CVar [[r.SupportSkyAtmosphereAffectsHeightFog:0]]
[2021.04.06-13.02.40:548][  0]LogConfig: Setting CVar [[r.SkinCache.CompileShaders:0]]
[2021.04.06-13.02.40:548][  0]LogConfig: Setting CVar [[r.Mobile.EnableStaticAndCSMShadowReceivers:1]]
[2021.04.06-13.02.40:548][  0]LogConfig: Setting CVar [[r.Mobile.EnableMovableLightCSMShaderCulling:1]]
[2021.04.06-13.02.40:548][  0]LogConfig: Setting CVar [[r.Mobile.AllowDistanceFieldShadows:1]]
[2021.04.06-13.02.40:548][  0]LogConfig: Setting CVar [[r.Mobile.AllowMovableDirectionalLights:1]]
[2021.04.06-13.02.40:548][  0]LogConfig: Setting CVar [[r.MobileNumDynamicPointLights:4]]
[2021.04.06-13.02.40:548][  0]LogConfig: Setting CVar [[r.MobileDynamicPointLightsUseStaticBranch:1]]
[2021.04.06-13.02.40:548][  0]LogConfig: Setting CVar [[r.Mobile.EnableMovableSpotlights:0]]
[2021.04.06-13.02.40:548][  0]LogConfig: Setting CVar [[r.SkinCache.SceneMemoryLimitInMB:128.000000]]
[2021.04.06-13.02.40:548][  0]LogConfig: Setting CVar [[r.GPUSkin.Limit2BoneInfluences:0]]
[2021.04.06-13.02.40:548][  0]LogConfig: Setting CVar [[r.SupportDepthOnlyIndexBuffers:1]]
[2021.04.06-13.02.40:548][  0]LogConfig: Setting CVar [[r.SupportReversedIndexBuffers:1]]
[2021.04.06-13.02.40:548][  0]LogConfig: Setting CVar [[r.SupportMaterialLayers:0]]
[2021.04.06-13.02.40:548][  0]LogConfig: Setting CVar [[r.LightPropagationVolume:0]]
[2021.04.06-13.02.40:548][  0]LogConfig: Applying CVar settings from Section [/Script/Engine.RendererOverrideSettings] File [D:/Downloads/Portfolio/System_09/KratosAxe_System/KratosAxe_System/Saved/Config/Windows/Engine.ini]
[2021.04.06-13.02.40:548][  0]LogConfig: Applying CVar settings from Section [/Script/Engine.StreamingSettings] File [D:/Downloads/Portfolio/System_09/KratosAxe_System/KratosAxe_System/Saved/Config/Windows/Engine.ini]
[2021.04.06-13.02.40:548][  0]LogConfig: Setting CVar [[s.MinBulkDataSizeForAsyncLoading:131072]]
[2021.04.06-13.02.40:548][  0]LogConfig: Setting CVar [[s.AsyncLoadingThreadEnabled:0]]
[2021.04.06-13.02.40:548][  0]LogConfig: Setting CVar [[s.EventDrivenLoaderEnabled:1]]
[2021.04.06-13.02.40:548][  0]LogConfig: Setting CVar [[s.WarnIfTimeLimitExceeded:0]]
[2021.04.06-13.02.40:548][  0]LogConfig: Setting CVar [[s.TimeLimitExceededMultiplier:1.5]]
[2021.04.06-13.02.40:548][  0]LogConfig: Setting CVar [[s.TimeLimitExceededMinTime:0.005]]
[2021.04.06-13.02.40:548][  0]LogConfig: Setting CVar [[s.UseBackgroundLevelStreaming:1]]
[2021.04.06-13.02.40:548][  0]LogConfig: Setting CVar [[s.PriorityAsyncLoadingExtraTime:15.0]]
[2021.04.06-13.02.40:548][  0]LogConfig: Setting CVar [[s.LevelStreamingActorsUpdateTimeLimit:5.0]]
[2021.04.06-13.02.40:548][  0]LogConfig: Setting CVar [[s.PriorityLevelStreamingActorsUpdateExtraTime:5.0]]
[2021.04.06-13.02.40:548][  0]LogConfig: Setting CVar [[s.LevelStreamingComponentsRegistrationGranularity:10]]
[2021.04.06-13.02.40:548][  0]LogConfig: Setting CVar [[s.UnregisterComponentsTimeLimit:1.0]]
[2021.04.06-13.02.40:548][  0]LogConfig: Setting CVar [[s.LevelStreamingComponentsUnregistrationGranularity:5]]
[2021.04.06-13.02.40:548][  0]LogConfig: Setting CVar [[s.FlushStreamingOnExit:1]]
[2021.04.06-13.02.40:548][  0]LogConfig: Applying CVar settings from Section [/Script/Engine.GarbageCollectionSettings] File [D:/Downloads/Portfolio/System_09/KratosAxe_System/KratosAxe_System/Saved/Config/Windows/Engine.ini]
[2021.04.06-13.02.40:548][  0]LogConfig: Setting CVar [[gc.MaxObjectsNotConsideredByGC:1]]
[2021.04.06-13.02.40:548][  0]LogConfig: Setting CVar [[gc.SizeOfPermanentObjectPool:0]]
[2021.04.06-13.02.40:548][  0]LogConfig: Setting CVar [[gc.FlushStreamingOnGC:0]]
[2021.04.06-13.02.40:548][  0]LogConfig: Setting CVar [[gc.NumRetriesBeforeForcingGC:10]]
[2021.04.06-13.02.40:548][  0]LogConfig: Setting CVar [[gc.AllowParallelGC:1]]
[2021.04.06-13.02.40:548][  0]LogConfig: Setting CVar [[gc.TimeBetweenPurgingPendingKillObjects:61.1]]
[2021.04.06-13.02.40:548][  0]LogConfig: Setting CVar [[gc.MaxObjectsInEditor:25165824]]
[2021.04.06-13.02.40:548][  0]LogConfig: Setting CVar [[gc.IncrementalBeginDestroyEnabled:1]]
[2021.04.06-13.02.40:548][  0]LogConfig: Setting CVar [[gc.CreateGCClusters:1]]
[2021.04.06-13.02.40:548][  0]LogConfig: Setting CVar [[gc.MinGCClusterSize:5]]
[2021.04.06-13.02.40:548][  0]LogConfig: Setting CVar [[gc.ActorClusteringEnabled:0]]
[2021.04.06-13.02.40:548][  0]LogConfig: Setting CVar [[gc.BlueprintClusteringEnabled:0]]
[2021.04.06-13.02.40:548][  0]LogConfig: Setting CVar [[gc.UseDisregardForGCOnDedicatedServers:0]]
[2021.04.06-13.02.40:548][  0]LogConfig: Applying CVar settings from Section [/Script/Engine.NetworkSettings] File [D:/Downloads/Portfolio/System_09/KratosAxe_System/KratosAxe_System/Saved/Config/Windows/Engine.ini]
[2021.04.06-13.02.40:548][  0]LogConfig: Applying CVar settings from Section [/Script/UnrealEd.CookerSettings] File [D:/Downloads/Portfolio/System_09/KratosAxe_System/KratosAxe_System/Saved/Config/Windows/Engine.ini]
[2021.04.06-13.02.40:591][  0]LogConfig: Applying CVar settings from Section [ViewDistanceQuality@3] File [D:/Downloads/Portfolio/System_09/KratosAxe_System/KratosAxe_System/Saved/Config/Windows/Scalability.ini]
[2021.04.06-13.02.40:591][  0]LogConfig: Setting CVar [[r.SkeletalMeshLODBias:0]]
[2021.04.06-13.02.40:591][  0]LogConfig: Setting CVar [[r.ViewDistanceScale:1.0]]
[2021.04.06-13.02.40:591][  0]LogConfig: Applying CVar settings from Section [AntiAliasingQuality@3] File [D:/Downloads/Portfolio/System_09/KratosAxe_System/KratosAxe_System/Saved/Config/Windows/Scalability.ini]
[2021.04.06-13.02.40:591][  0]LogConfig: Setting CVar [[r.PostProcessAAQuality:4]]
[2021.04.06-13.02.40:591][  0]LogConfig: Applying CVar settings from Section [ShadowQuality@3] File [D:/Downloads/Portfolio/System_09/KratosAxe_System/KratosAxe_System/Saved/Config/Windows/Scalability.ini]
[2021.04.06-13.02.40:591][  0]LogConfig: Setting CVar [[r.LightFunctionQuality:1]]
[2021.04.06-13.02.40:591][  0]LogConfig: Setting CVar [[r.ShadowQuality:5]]
[2021.04.06-13.02.40:591][  0]LogConfig: Setting CVar [[r.Shadow.CSM.MaxCascades:10]]
[2021.04.06-13.02.40:591][  0]LogConfig: Setting CVar [[r.Shadow.MaxResolution:2048]]
[2021.04.06-13.02.40:591][  0]LogConfig: Setting CVar [[r.Shadow.MaxCSMResolution:2048]]
[2021.04.06-13.02.40:591][  0]LogConfig: Setting CVar [[r.Shadow.RadiusThreshold:0.01]]
[2021.04.06-13.02.40:591][  0]LogConfig: Setting CVar [[r.Shadow.DistanceScale:1.0]]
[2021.04.06-13.02.40:591][  0]LogConfig: Setting CVar [[r.Shadow.CSM.TransitionScale:1.0]]
[2021.04.06-13.02.40:591][  0]LogConfig: Setting CVar [[r.Shadow.PreShadowResolutionFactor:1.0]]
[2021.04.06-13.02.40:591][  0]LogConfig: Setting CVar [[r.DistanceFieldShadowing:1]]
[2021.04.06-13.02.40:591][  0]LogConfig: Setting CVar [[r.DistanceFieldAO:1]]
[2021.04.06-13.02.40:591][  0]LogConfig: Setting CVar [[r.AOQuality:2]]
[2021.04.06-13.02.40:591][  0]LogConfig: Setting CVar [[r.VolumetricFog:1]]
[2021.04.06-13.02.40:591][  0]LogConfig: Setting CVar [[r.VolumetricFog.GridPixelSize:8]]
[2021.04.06-13.02.40:591][  0]LogConfig: Setting CVar [[r.VolumetricFog.GridSizeZ:128]]
[2021.04.06-13.02.40:591][  0]LogConfig: Setting CVar [[r.VolumetricFog.HistoryMissSupersampleCount:4]]
[2021.04.06-13.02.40:591][  0]LogConfig: Setting CVar [[r.LightMaxDrawDistanceScale:1]]
[2021.04.06-13.02.40:592][  0]LogConfig: Setting CVar [[r.CapsuleShadows:1]]
[2021.04.06-13.02.40:592][  0]LogConfig: Applying CVar settings from Section [PostProcessQuality@3] File [D:/Downloads/Portfolio/System_09/KratosAxe_System/KratosAxe_System/Saved/Config/Windows/Scalability.ini]
[2021.04.06-13.02.40:592][  0]LogConfig: Setting CVar [[r.MotionBlurQuality:4]]
[2021.04.06-13.02.40:592][  0]LogConfig: Setting CVar [[r.AmbientOcclusionMipLevelFactor:0.4]]
[2021.04.06-13.02.40:592][  0]LogConfig: Setting CVar [[r.AmbientOcclusionMaxQuality:100]]
[2021.04.06-13.02.40:592][  0]LogConfig: Setting CVar [[r.AmbientOcclusionLevels:-1]]
[2021.04.06-13.02.40:592][  0]LogConfig: Setting CVar [[r.AmbientOcclusionRadiusScale:1.0]]
[2021.04.06-13.02.40:592][  0]LogConfig: Setting CVar [[r.DepthOfFieldQuality:2]]
[2021.04.06-13.02.40:592][  0]LogConfig: Setting CVar [[r.RenderTargetPoolMin:400]]
[2021.04.06-13.02.40:592][  0]LogConfig: Setting CVar [[r.LensFlareQuality:2]]
[2021.04.06-13.02.40:592][  0]LogConfig: Setting CVar [[r.SceneColorFringeQuality:1]]
[2021.04.06-13.02.40:592][  0]LogConfig: Setting CVar [[r.EyeAdaptationQuality:2]]
[2021.04.06-13.02.40:592][  0]LogConfig: Setting CVar [[r.BloomQuality:5]]
[2021.04.06-13.02.40:592][  0]LogConfig: Setting CVar [[r.FastBlurThreshold:100]]
[2021.04.06-13.02.40:592][  0]LogConfig: Setting CVar [[r.Upscale.Quality:3]]
[2021.04.06-13.02.40:592][  0]LogConfig: Setting CVar [[r.Tonemapper.GrainQuantization:1]]
[2021.04.06-13.02.40:592][  0]LogConfig: Setting CVar [[r.LightShaftQuality:1]]
[2021.04.06-13.02.40:592][  0]LogConfig: Setting CVar [[r.Filter.SizeScale:1]]
[2021.04.06-13.02.40:592][  0]LogConfig: Setting CVar [[r.Tonemapper.Quality:5]]
[2021.04.06-13.02.40:592][  0]LogConfig: Setting CVar [[r.DOF.Gather.AccumulatorQuality:1        ; higher gathering accumulator quality]]
[2021.04.06-13.02.40:592][  0]LogConfig: Setting CVar [[r.DOF.Gather.PostfilterMethod:1          ; Median3x3 postfilering method]]
[2021.04.06-13.02.40:592][  0]LogConfig: Setting CVar [[r.DOF.Gather.EnableBokehSettings:0       ; no bokeh simulation when gathering]]
[2021.04.06-13.02.40:592][  0]LogConfig: Setting CVar [[r.DOF.Gather.RingCount:4                 ; medium number of samples when gathering]]
[2021.04.06-13.02.40:592][  0]LogConfig: Setting CVar [[r.DOF.Scatter.ForegroundCompositing:1    ; additive foreground scattering]]
[2021.04.06-13.02.40:592][  0]LogConfig: Setting CVar [[r.DOF.Scatter.BackgroundCompositing:2    ; additive background scattering]]
[2021.04.06-13.02.40:592][  0]LogConfig: Setting CVar [[r.DOF.Scatter.EnableBokehSettings:1      ; bokeh simulation when scattering]]
[2021.04.06-13.02.40:592][  0]LogConfig: Setting CVar [[r.DOF.Scatter.MaxSpriteRatio:0.1         ; only a maximum of 10% of scattered bokeh]]
[2021.04.06-13.02.40:592][  0]LogConfig: Setting CVar [[r.DOF.Recombine.Quality:1                ; cheap slight out of focus]]
[2021.04.06-13.02.40:592][  0]LogConfig: Setting CVar [[r.DOF.Recombine.EnableBokehSettings:0    ; no bokeh simulation on slight out of focus]]
[2021.04.06-13.02.40:592][  0]LogConfig: Setting CVar [[r.DOF.TemporalAAQuality:1                ; more stable temporal accumulation]]
[2021.04.06-13.02.40:592][  0]LogConfig: Setting CVar [[r.DOF.Kernel.MaxForegroundRadius:0.025]]
[2021.04.06-13.02.40:592][  0]LogConfig: Setting CVar [[r.DOF.Kernel.MaxBackgroundRadius:0.025]]
[2021.04.06-13.02.40:592][  0]LogConfig: Applying CVar settings from Section [TextureQuality@3] File [D:/Downloads/Portfolio/System_09/KratosAxe_System/KratosAxe_System/Saved/Config/Windows/Scalability.ini]
[2021.04.06-13.02.40:592][  0]LogConfig: Setting CVar [[r.Streaming.MipBias:0]]
[2021.04.06-13.02.40:592][  0]LogConfig: Setting CVar [[r.Streaming.AmortizeCPUToGPUCopy:0]]
[2021.04.06-13.02.40:592][  0]LogConfig: Setting CVar [[r.Streaming.MaxNumTexturesToStreamPerFrame:0]]
[2021.04.06-13.02.40:592][  0]LogConfig: Setting CVar [[r.Streaming.Boost:1]]
[2021.04.06-13.02.40:592][  0]LogConfig: Setting CVar [[r.MaxAnisotropy:8]]
[2021.04.06-13.02.40:592][  0]LogConfig: Setting CVar [[r.VT.MaxAnisotropy:8]]
[2021.04.06-13.02.40:592][  0]LogConfig: Setting CVar [[r.Streaming.LimitPoolSizeToVRAM:0]]
[2021.04.06-13.02.40:592][  0]LogConfig: Setting CVar [[r.Streaming.PoolSize:1000]]
[2021.04.06-13.02.40:592][  0]LogConfig: Setting CVar [[r.Streaming.MaxEffectiveScreenSize:0]]
[2021.04.06-13.02.40:592][  0]LogConfig: Applying CVar settings from Section [EffectsQuality@3] File [D:/Downloads/Portfolio/System_09/KratosAxe_System/KratosAxe_System/Saved/Config/Windows/Scalability.ini]
[2021.04.06-13.02.40:592][  0]LogConfig: Setting CVar [[r.TranslucencyLightingVolumeDim:64]]
[2021.04.06-13.02.40:592][  0]LogConfig: Setting CVar [[r.RefractionQuality:2]]
[2021.04.06-13.02.40:592][  0]LogConfig: Setting CVar [[r.SSR.Quality:3]]
[2021.04.06-13.02.40:592][  0]LogConfig: Setting CVar [[r.SSR.HalfResSceneColor:0]]
[2021.04.06-13.02.40:592][  0]LogConfig: Setting CVar [[r.SceneColorFormat:4]]
[2021.04.06-13.02.40:592][  0]LogConfig: Setting CVar [[r.DetailMode:2]]
[2021.04.06-13.02.40:592][  0]LogConfig: Setting CVar [[r.TranslucencyVolumeBlur:1]]
[2021.04.06-13.02.40:592][  0]LogConfig: Setting CVar [[r.MaterialQualityLevel:1 ; High quality]]
[2021.04.06-13.02.40:592][  0]LogConfig: Setting CVar [[r.SSS.Scale:1]]
[2021.04.06-13.02.40:592][  0]LogConfig: Setting CVar [[r.SSS.SampleSet:2]]
[2021.04.06-13.02.40:592][  0]LogConfig: Setting CVar [[r.SSS.Quality:1]]
[2021.04.06-13.02.40:592][  0]LogConfig: Setting CVar [[r.SSS.HalfRes:1]]
[2021.04.06-13.02.40:592][  0]LogConfig: Setting CVar [[r.SSGI.Quality:3]]
[2021.04.06-13.02.40:592][  0]LogConfig: Setting CVar [[r.EmitterSpawnRateScale:1.0]]
[2021.04.06-13.02.40:592][  0]LogConfig: Setting CVar [[r.ParticleLightQuality:2]]
[2021.04.06-13.02.40:592][  0]LogConfig: Setting CVar [[r.SkyAtmosphere.AerialPerspectiveLUT.FastApplyOnOpaque:1 ; Always have FastSkyLUT 1 in this case to avoid wrong sky]]
[2021.04.06-13.02.40:592][  0]LogConfig: Setting CVar [[r.SkyAtmosphere.AerialPerspectiveLUT.SampleCountPerSlice:1]]
[2021.04.06-13.02.40:592][  0]LogConfig: Setting CVar [[r.SkyAtmosphere.AerialPerspectiveLUT.DepthResolution:16.0]]
[2021.04.06-13.02.40:592][  0]LogConfig: Setting CVar [[r.SkyAtmosphere.FastSkyLUT:1]]
[2021.04.06-13.02.40:592][  0]LogConfig: Setting CVar [[r.SkyAtmosphere.FastSkyLUT.SampleCountMin:4.0]]
[2021.04.06-13.02.40:592][  0]LogConfig: Setting CVar [[r.SkyAtmosphere.FastSkyLUT.SampleCountMax:32.0]]
[2021.04.06-13.02.40:592][  0]LogConfig: Setting CVar [[r.SkyAtmosphere.SampleCountMin:4.0]]
[2021.04.06-13.02.40:592][  0]LogConfig: Setting CVar [[r.SkyAtmosphere.SampleCountMax:32.0]]
[2021.04.06-13.02.40:592][  0]LogConfig: Setting CVar [[r.SkyAtmosphere.TransmittanceLUT.UseSmallFormat:0]]
[2021.04.06-13.02.40:592][  0]LogConfig: Setting CVar [[r.SkyAtmosphere.TransmittanceLUT.SampleCount:10.0]]
[2021.04.06-13.02.40:592][  0]LogConfig: Setting CVar [[r.SkyAtmosphere.MultiScatteringLUT.SampleCount:15.0]]
[2021.04.06-13.02.40:592][  0]LogConfig: Applying CVar settings from Section [FoliageQuality@3] File [D:/Downloads/Portfolio/System_09/KratosAxe_System/KratosAxe_System/Saved/Config/Windows/Scalability.ini]
[2021.04.06-13.02.40:592][  0]LogConfig: Setting CVar [[foliage.DensityScale:1.0]]
[2021.04.06-13.02.40:592][  0]LogConfig: Setting CVar [[grass.DensityScale:1.0]]
[2021.04.06-13.02.40:592][  0]LogConfig: Applying CVar settings from Section [ShadingQuality@3] File [D:/Downloads/Portfolio/System_09/KratosAxe_System/KratosAxe_System/Saved/Config/Windows/Scalability.ini]
[2021.04.06-13.02.40:592][  0]LogConfig: Setting CVar [[r.HairStrands.SkyLighting.SampleCount:16]]
[2021.04.06-13.02.40:592][  0]LogConfig: Setting CVar [[r.HairStrands.SkyLighting.JitterIntegration:0]]
[2021.04.06-13.02.40:592][  0]LogConfig: Setting CVar [[r.HairStrands.SkyAO.SampleCount:16]]
[2021.04.06-13.02.40:602][  0]LogInit: Selected Device Profile: [Windows]
[2021.04.06-13.02.40:603][  0]LogInit: Applying CVar settings loaded from the selected device profile: [Windows]
[2021.04.06-13.02.40:661][  0]LogHAL: Display: Platform has ~ 8 GB [8521318400 / 8589934592 / 8], which maps to Default [LargestMinGB=32, LargerMinGB=12, DefaultMinGB=8, SmallerMinGB=6, SmallestMinGB=0)
[2021.04.06-13.02.40:661][  0]LogInit: Going up to parent DeviceProfile []
[2021.04.06-13.02.40:661][  0]LogConfig: Applying CVar settings from Section [ViewDistanceQuality@Cine] File [D:/Downloads/Portfolio/System_09/KratosAxe_System/KratosAxe_System/Saved/Config/Windows/Scalability.ini]
[2021.04.06-13.02.40:661][  0]LogConfig: Setting CVar [[r.SkeletalMeshLODBias:0]]
[2021.04.06-13.02.40:661][  0]LogConfig: Setting CVar [[r.ViewDistanceScale:10.0]]
[2021.04.06-13.02.40:661][  0]LogConfig: Applying CVar settings from Section [AntiAliasingQuality@Cine] File [D:/Downloads/Portfolio/System_09/KratosAxe_System/KratosAxe_System/Saved/Config/Windows/Scalability.ini]
[2021.04.06-13.02.40:661][  0]LogConfig: Setting CVar [[r.PostProcessAAQuality:6]]
[2021.04.06-13.02.40:661][  0]LogConfig: Applying CVar settings from Section [ShadowQuality@3] File [D:/Downloads/Portfolio/System_09/KratosAxe_System/KratosAxe_System/Saved/Config/Windows/Scalability.ini]
[2021.04.06-13.02.40:661][  0]LogConfig: Setting CVar [[r.LightFunctionQuality:1]]
[2021.04.06-13.02.40:661][  0]LogConfig: Setting CVar [[r.ShadowQuality:5]]
[2021.04.06-13.02.40:661][  0]LogConfig: Setting CVar [[r.Shadow.CSM.MaxCascades:10]]
[2021.04.06-13.02.40:661][  0]LogConfig: Setting CVar [[r.Shadow.MaxResolution:2048]]
[2021.04.06-13.02.40:661][  0]LogConfig: Setting CVar [[r.Shadow.MaxCSMResolution:2048]]
[2021.04.06-13.02.40:661][  0]LogConfig: Setting CVar [[r.Shadow.RadiusThreshold:0.01]]
[2021.04.06-13.02.40:661][  0]LogConfig: Setting CVar [[r.Shadow.DistanceScale:1.0]]
[2021.04.06-13.02.40:661][  0]LogConfig: Setting CVar [[r.Shadow.CSM.TransitionScale:1.0]]
[2021.04.06-13.02.40:661][  0]LogConfig: Setting CVar [[r.Shadow.PreShadowResolutionFactor:1.0]]
[2021.04.06-13.02.40:661][  0]LogConfig: Setting CVar [[r.DistanceFieldShadowing:1]]
[2021.04.06-13.02.40:661][  0]LogConfig: Setting CVar [[r.DistanceFieldAO:1]]
[2021.04.06-13.02.40:661][  0]LogConfig: Setting CVar [[r.AOQuality:2]]
[2021.04.06-13.02.40:661][  0]LogConfig: Setting CVar [[r.VolumetricFog:1]]
[2021.04.06-13.02.40:661][  0]LogConfig: Setting CVar [[r.VolumetricFog.GridPixelSize:8]]
[2021.04.06-13.02.40:661][  0]LogConfig: Setting CVar [[r.VolumetricFog.GridSizeZ:128]]
[2021.04.06-13.02.40:661][  0]LogConfig: Setting CVar [[r.VolumetricFog.HistoryMissSupersampleCount:4]]
[2021.04.06-13.02.40:661][  0]LogConfig: Setting CVar [[r.LightMaxDrawDistanceScale:1]]
[2021.04.06-13.02.40:661][  0]LogConfig: Setting CVar [[r.CapsuleShadows:1]]
[2021.04.06-13.02.40:661][  0]LogConfig: Applying CVar settings from Section [PostProcessQuality@Cine] File [D:/Downloads/Portfolio/System_09/KratosAxe_System/KratosAxe_System/Saved/Config/Windows/Scalability.ini]
[2021.04.06-13.02.40:661][  0]LogConfig: Setting CVar [[r.MotionBlurQuality:4]]
[2021.04.06-13.02.40:661][  0]LogConfig: Setting CVar [[r.AmbientOcclusionMipLevelFactor:0.4]]
[2021.04.06-13.02.40:661][  0]LogConfig: Setting CVar [[r.AmbientOcclusionMaxQuality:100]]
[2021.04.06-13.02.40:661][  0]LogConfig: Setting CVar [[r.AmbientOcclusionLevels:-1]]
[2021.04.06-13.02.40:661][  0]LogConfig: Setting CVar [[r.AmbientOcclusionRadiusScale:1.0]]
[2021.04.06-13.02.40:661][  0]LogConfig: Setting CVar [[r.DepthOfFieldQuality:4]]
[2021.04.06-13.02.40:661][  0]LogConfig: Setting CVar [[r.RenderTargetPoolMin:1000]]
[2021.04.06-13.02.40:661][  0]LogConfig: Setting CVar [[r.LensFlareQuality:3]]
[2021.04.06-13.02.40:661][  0]LogConfig: Setting CVar [[r.SceneColorFringeQuality:1]]
[2021.04.06-13.02.40:661][  0]LogConfig: Setting CVar [[r.EyeAdaptationQuality:2]]
[2021.04.06-13.02.40:661][  0]LogConfig: Setting CVar [[r.BloomQuality:5]]
[2021.04.06-13.02.40:661][  0]LogConfig: Setting CVar [[r.FastBlurThreshold:100]]
[2021.04.06-13.02.40:661][  0]LogConfig: Setting CVar [[r.Upscale.Quality:3]]
[2021.04.06-13.02.40:661][  0]LogConfig: Setting CVar [[r.Tonemapper.GrainQuantization:1]]
[2021.04.06-13.02.40:661][  0]LogConfig: Setting CVar [[r.LightShaftQuality:1]]
[2021.04.06-13.02.40:661][  0]LogConfig: Setting CVar [[r.Filter.SizeScale:1]]
[2021.04.06-13.02.40:661][  0]LogConfig: Setting CVar [[r.Tonemapper.Quality:5]]
[2021.04.06-13.02.40:661][  0]LogConfig: Setting CVar [[r.DOF.Gather.AccumulatorQuality:1        ; higher gathering accumulator quality]]
[2021.04.06-13.02.40:661][  0]LogConfig: Setting CVar [[r.DOF.Gather.PostfilterMethod:1          ; Median3x3 postfilering method]]
[2021.04.06-13.02.40:661][  0]LogConfig: Setting CVar [[r.DOF.Gather.EnableBokehSettings:1       ; bokeh simulation when gathering]]
[2021.04.06-13.02.40:661][  0]LogConfig: Setting CVar [[r.DOF.Gather.RingCount:5                 ; high number of samples when gathering]]
[2021.04.06-13.02.40:661][  0]LogConfig: Setting CVar [[r.DOF.Scatter.ForegroundCompositing:1    ; additive foreground scattering]]
[2021.04.06-13.02.40:661][  0]LogConfig: Setting CVar [[r.DOF.Scatter.BackgroundCompositing:2    ; background scattering occlusion]]
[2021.04.06-13.02.40:661][  0]LogConfig: Setting CVar [[r.DOF.Scatter.EnableBokehSettings:1      ; no bokeh simulation when scattering]]
[2021.04.06-13.02.40:661][  0]LogConfig: Setting CVar [[r.DOF.Scatter.MaxSpriteRatio:0.25        ; only a maximum of 10% of scattered bokeh]]
[2021.04.06-13.02.40:661][  0]LogConfig: Setting CVar [[r.DOF.Recombine.Quality:2                ; highest slight out of focus]]
[2021.04.06-13.02.40:661][  0]LogConfig: Setting CVar [[r.DOF.Recombine.EnableBokehSettings:1    ; bokeh simulation on slight out of focus]]
[2021.04.06-13.02.40:661][  0]LogConfig: Setting CVar [[r.DOF.TemporalAAQuality:1                ; more stable temporal accumulation]]
[2021.04.06-13.02.40:661][  0]LogConfig: Setting CVar [[r.DOF.Kernel.MaxForegroundRadius:0.025]]
[2021.04.06-13.02.40:661][  0]LogConfig: Setting CVar [[r.DOF.Kernel.MaxBackgroundRadius:0.025]]
[2021.04.06-13.02.40:661][  0]LogConfig: Applying CVar settings from Section [TextureQuality@3] File [D:/Downloads/Portfolio/System_09/KratosAxe_System/KratosAxe_System/Saved/Config/Windows/Scalability.ini]
[2021.04.06-13.02.40:661][  0]LogConfig: Setting CVar [[r.Streaming.MipBias:0]]
[2021.04.06-13.02.40:661][  0]LogConfig: Setting CVar [[r.Streaming.AmortizeCPUToGPUCopy:0]]
[2021.04.06-13.02.40:662][  0]LogConfig: Setting CVar [[r.Streaming.MaxNumTexturesToStreamPerFrame:0]]
[2021.04.06-13.02.40:662][  0]LogConfig: Setting CVar [[r.Streaming.Boost:1]]
[2021.04.06-13.02.40:662][  0]LogConfig: Setting CVar [[r.MaxAnisotropy:8]]
[2021.04.06-13.02.40:662][  0]LogConfig: Setting CVar [[r.VT.MaxAnisotropy:8]]
[2021.04.06-13.02.40:662][  0]LogConfig: Setting CVar [[r.Streaming.LimitPoolSizeToVRAM:0]]
[2021.04.06-13.02.40:662][  0]LogConfig: Setting CVar [[r.Streaming.PoolSize:1000]]
[2021.04.06-13.02.40:662][  0]LogConfig: Setting CVar [[r.Streaming.MaxEffectiveScreenSize:0]]
[2021.04.06-13.02.40:662][  0]LogConfig: Applying CVar settings from Section [EffectsQuality@3] File [D:/Downloads/Portfolio/System_09/KratosAxe_System/KratosAxe_System/Saved/Config/Windows/Scalability.ini]
[2021.04.06-13.02.40:662][  0]LogConfig: Setting CVar [[r.TranslucencyLightingVolumeDim:64]]
[2021.04.06-13.02.40:662][  0]LogConfig: Setting CVar [[r.RefractionQuality:2]]
[2021.04.06-13.02.40:662][  0]LogConfig: Setting CVar [[r.SSR.Quality:3]]
[2021.04.06-13.02.40:662][  0]LogConfig: Setting CVar [[r.SSR.HalfResSceneColor:0]]
[2021.04.06-13.02.40:662][  0]LogConfig: Setting CVar [[r.SceneColorFormat:4]]
[2021.04.06-13.02.40:662][  0]LogConfig: Setting CVar [[r.DetailMode:2]]
[2021.04.06-13.02.40:662][  0]LogConfig: Setting CVar [[r.TranslucencyVolumeBlur:1]]
[2021.04.06-13.02.40:662][  0]LogConfig: Setting CVar [[r.MaterialQualityLevel:1 ; High quality]]
[2021.04.06-13.02.40:662][  0]LogConfig: Setting CVar [[r.SSS.Scale:1]]
[2021.04.06-13.02.40:662][  0]LogConfig: Setting CVar [[r.SSS.SampleSet:2]]
[2021.04.06-13.02.40:662][  0]LogConfig: Setting CVar [[r.SSS.Quality:1]]
[2021.04.06-13.02.40:662][  0]LogConfig: Setting CVar [[r.SSS.HalfRes:1]]
[2021.04.06-13.02.40:662][  0]LogConfig: Setting CVar [[r.SSGI.Quality:3]]
[2021.04.06-13.02.40:662][  0]LogConfig: Setting CVar [[r.EmitterSpawnRateScale:1.0]]
[2021.04.06-13.02.40:662][  0]LogConfig: Setting CVar [[r.ParticleLightQuality:2]]
[2021.04.06-13.02.40:662][  0]LogConfig: Setting CVar [[r.SkyAtmosphere.AerialPerspectiveLUT.FastApplyOnOpaque:1 ; Always have FastSkyLUT 1 in this case to avoid wrong sky]]
[2021.04.06-13.02.40:662][  0]LogConfig: Setting CVar [[r.SkyAtmosphere.AerialPerspectiveLUT.SampleCountPerSlice:1]]
[2021.04.06-13.02.40:662][  0]LogConfig: Setting CVar [[r.SkyAtmosphere.AerialPerspectiveLUT.DepthResolution:16.0]]
[2021.04.06-13.02.40:662][  0]LogConfig: Setting CVar [[r.SkyAtmosphere.FastSkyLUT:1]]
[2021.04.06-13.02.40:662][  0]LogConfig: Setting CVar [[r.SkyAtmosphere.FastSkyLUT.SampleCountMin:4.0]]
[2021.04.06-13.02.40:662][  0]LogConfig: Setting CVar [[r.SkyAtmosphere.FastSkyLUT.SampleCountMax:32.0]]
[2021.04.06-13.02.40:662][  0]LogConfig: Setting CVar [[r.SkyAtmosphere.SampleCountMin:4.0]]
[2021.04.06-13.02.40:662][  0]LogConfig: Setting CVar [[r.SkyAtmosphere.SampleCountMax:32.0]]
[2021.04.06-13.02.40:662][  0]LogConfig: Setting CVar [[r.SkyAtmosphere.TransmittanceLUT.UseSmallFormat:0]]
[2021.04.06-13.02.40:662][  0]LogConfig: Setting CVar [[r.SkyAtmosphere.TransmittanceLUT.SampleCount:10.0]]
[2021.04.06-13.02.40:662][  0]LogConfig: Setting CVar [[r.SkyAtmosphere.MultiScatteringLUT.SampleCount:15.0]]
[2021.04.06-13.02.40:662][  0]LogConfig: Applying CVar settings from Section [FoliageQuality@3] File [D:/Downloads/Portfolio/System_09/KratosAxe_System/KratosAxe_System/Saved/Config/Windows/Scalability.ini]
[2021.04.06-13.02.40:662][  0]LogConfig: Setting CVar [[foliage.DensityScale:1.0]]
[2021.04.06-13.02.40:662][  0]LogConfig: Setting CVar [[grass.DensityScale:1.0]]
[2021.04.06-13.02.40:662][  0]LogConfig: Applying CVar settings from Section [ShadingQuality@3] File [D:/Downloads/Portfolio/System_09/KratosAxe_System/KratosAxe_System/Saved/Config/Windows/Scalability.ini]
[2021.04.06-13.02.40:662][  0]LogConfig: Setting CVar [[r.HairStrands.SkyLighting.SampleCount:16]]
[2021.04.06-13.02.40:662][  0]LogConfig: Setting CVar [[r.HairStrands.SkyLighting.JitterIntegration:0]]
[2021.04.06-13.02.40:662][  0]LogConfig: Setting CVar [[r.HairStrands.SkyAO.SampleCount:16]]
[2021.04.06-13.02.40:662][  0]LogConfig: Applying CVar settings from Section [Startup] File [../../../Engine/Config/ConsoleVariables.ini]
[2021.04.06-13.02.40:675][  0]LogConfig: Setting CVar [[net.UseAdaptiveNetUpdateFrequency:0]]
[2021.04.06-13.02.40:675][  0]LogConfig: Setting CVar [[p.chaos.AllowCreatePhysxBodies:1]]
[2021.04.06-13.02.40:675][  0]LogConfig: Applying CVar settings from Section [ConsoleVariables] File [D:/Downloads/Portfolio/System_09/KratosAxe_System/KratosAxe_System/Saved/Config/Windows/Engine.ini]
[2021.04.06-13.02.40:675][  0]LogInit: Computer: DESKTOP-12JMVT2
[2021.04.06-13.02.40:675][  0]LogInit: User: kayky
[2021.04.06-13.02.40:675][  0]LogInit: CPU Page size=4096, Cores=6
[2021.04.06-13.02.40:675][  0]LogInit: High frequency timer resolution =10.000000 MHz
[2021.04.06-13.02.40:676][  0]LogMemory: Memory total: Physical=7.9GB (8GB approx)
[2021.04.06-13.02.40:676][  0]LogMemory: Platform Memory Stats for Windows
[2021.04.06-13.02.40:676][  0]LogMemory: Process Physical Memory: 109.14 MB used, 109.15 MB peak
[2021.04.06-13.02.40:676][  0]LogMemory: Process Virtual Memory: 100.18 MB used, 100.18 MB peak
[2021.04.06-13.02.40:676][  0]LogMemory: Physical Memory: 6324.65 MB used,  1801.91 MB free, 8126.56 MB total
[2021.04.06-13.02.40:676][  0]LogMemory: Virtual Memory: 5134.00 MB used,  134212592.00 MB free, 134217728.00 MB total
[2021.04.06-13.02.40:732][  0]LogWindows: WindowsPlatformFeatures enabled
[2021.04.06-13.02.41:846][  0]LogInit: Overriding language with editor language configuration option (pt-BR).
[2021.04.06-13.02.41:846][  0]LogInit: Overriding locale with editor locale configuration option (pt-BR).
[2021.04.06-13.02.42:159][  0]LogTextLocalizationResource: LocRes '../../../Engine/Content/Localization/Editor/pt/Editor.locres' could not be opened for reading!
[2021.04.06-13.02.42:159][  0]LogTextLocalizationResource: LocRes '../../../Engine/Content/Localization/EditorTutorials/pt/EditorTutorials.locres' could not be opened for reading!
[2021.04.06-13.02.42:160][  0]LogTextLocalizationResource: LocRes '../../../Engine/Content/Localization/Keywords/pt/Keywords.locres' could not be opened for reading!
[2021.04.06-13.02.42:160][  0]LogTextLocalizationResource: LocRes '../../../Engine/Content/Localization/Category/pt/Category.locres' could not be opened for reading!
[2021.04.06-13.02.42:160][  0]LogTextLocalizationResource: LocRes '../../../Engine/Content/Localization/ToolTips/pt/ToolTips.locres' could not be opened for reading!
[2021.04.06-13.02.42:160][  0]LogTextLocalizationResource: LocRes '../../../Engine/Content/Localization/Engine/pt/Engine.locres' could not be opened for reading!
[2021.04.06-13.02.42:160][  0]LogTextLocalizationResource: LocRes '../../../Engine/Plugins/Online/Android/OnlineSubsystemGooglePlay/Content/Localization/OnlineSubsystemGooglePlay/pt/OnlineSubsystemGooglePlay.locres' could not be opened for reading!
[2021.04.06-13.02.42:160][  0]LogTextLocalizationResource: LocRes '../../../Engine/Plugins/Online/IOS/OnlineSubsystemIOS/Content/Localization/OnlineSubsystemIOS/pt/OnlineSubsystemIOS.locres' could not be opened for reading!
[2021.04.06-13.02.42:160][  0]LogTextLocalizationResource: LocRes '../../../Engine/Plugins/Online/OnlineSubsystem/Content/Localization/OnlineSubsystem/pt/OnlineSubsystem.locres' could not be opened for reading!
[2021.04.06-13.02.42:161][  0]LogTextLocalizationResource: LocRes '../../../Engine/Plugins/Online/OnlineSubsystemUtils/Content/Localization/OnlineSubsystemUtils/pt/OnlineSubsystemUtils.locres' could not be opened for reading!
[2021.04.06-13.02.42:185][  0]LogInit: Setting process to per monitor DPI aware
[2021.04.06-13.02.42:884][  0]LogSlate: New Slate User Created.  User Index 0, Is Virtual User: 0
[2021.04.06-13.02.42:884][  0]LogSlate: Slate User Registered.  User Index 0, Is Virtual User: 0
[2021.04.06-13.02.46:831][  0]LogHMD: Failed to initialize OpenVR with code 110
[2021.04.06-13.02.46:831][  0]LogD3D11RHI: D3D11 min allowed feature level: 11_0
[2021.04.06-13.02.46:831][  0]LogD3D11RHI: D3D11 max allowed feature level: 11_0
[2021.04.06-13.02.46:831][  0]LogD3D11RHI: D3D11 adapters:
[2021.04.06-13.02.47:035][  0]LogD3D11RHI:    0. 'NVIDIA GeForce GTX 1060 6GB' (Feature Level 11_0)
[2021.04.06-13.02.47:035][  0]LogD3D11RHI:       6052/0/4063 MB DedicatedVideo/DedicatedSystem/SharedSystem, Outputs:1, VendorId:0x10de
[2021.04.06-13.02.47:047][  0]LogD3D11RHI:    1. 'Microsoft Basic Render Driver' (Feature Level 11_0)
[2021.04.06-13.02.47:048][  0]LogD3D11RHI:       0/0/4063 MB DedicatedVideo/DedicatedSystem/SharedSystem, Outputs:0, VendorId:0x1414
[2021.04.06-13.02.47:048][  0]LogD3D11RHI: Chosen D3D11 Adapter: 0
[2021.04.06-13.02.47:068][  0]LogD3D11RHI: Creating new Direct3DDevice
[2021.04.06-13.02.47:068][  0]LogD3D11RHI:     GPU DeviceId: 0x1c03 (for the marketing name, search the web for "GPU Device Id")
[2021.04.06-13.02.47:068][  0]LogWindows: EnumDisplayDevices:
[2021.04.06-13.02.47:068][  0]LogWindows:    0. 'NVIDIA GeForce GTX 1060 6GB' (P:1 D:1)
[2021.04.06-13.02.47:068][  0]LogWindows:    1. 'NVIDIA GeForce GTX 1060 6GB' (P:0 D:0)
[2021.04.06-13.02.47:069][  0]LogWindows:    2. 'NVIDIA GeForce GTX 1060 6GB' (P:0 D:0)
[2021.04.06-13.02.47:069][  0]LogWindows:    3. 'NVIDIA GeForce GTX 1060 6GB' (P:0 D:0)
[2021.04.06-13.02.47:069][  0]LogWindows: DebugString: FoundDriverCount:4 
[2021.04.06-13.02.47:069][  0]LogD3D11RHI:     Adapter Name: NVIDIA GeForce GTX 1060 6GB
[2021.04.06-13.02.47:069][  0]LogD3D11RHI:   Driver Version: 461.72 (internal:27.21.14.6172, unified:461.72)
[2021.04.06-13.02.47:069][  0]LogD3D11RHI:      Driver Date: 2-23-2021
[2021.04.06-13.02.47:069][  0]LogRHI: Texture pool is 4236 MB (70% of 6052 MB)
[2021.04.06-13.02.47:201][  0]LogD3D11RHI: RHI has support for 64 bit atomics
[2021.04.06-13.02.47:202][  0]LogD3D11RHI: Async texture creation enabled
[2021.04.06-13.02.47:406][  0]LogD3D11RHI: GPU Timing Frequency: 1000.000000 (Debug: 2 1)
[2021.04.06-13.02.48:569][  0]LogTargetPlatformManager: Display: Loaded TargetPlatform 'AllDesktop'
[2021.04.06-13.02.48:698][  0]LogTargetPlatformManager: Display: Loaded TargetPlatform 'Android'
[2021.04.06-13.02.48:698][  0]LogTargetPlatformManager: Display: Loaded TargetPlatform 'Android_ASTC'
[2021.04.06-13.02.48:698][  0]LogTargetPlatformManager: Display: Loaded TargetPlatform 'Android_ATC'
[2021.04.06-13.02.48:698][  0]LogTargetPlatformManager: Display: Loaded TargetPlatform 'Android_DXT'
[2021.04.06-13.02.48:698][  0]LogTargetPlatformManager: Display: Loaded TargetPlatform 'Android_ETC1'
[2021.04.06-13.02.48:698][  0]LogTargetPlatformManager: Display: Loaded TargetPlatform 'Android_ETC1a'
[2021.04.06-13.02.48:698][  0]LogTargetPlatformManager: Display: Loaded TargetPlatform 'Android_ETC2'
[2021.04.06-13.02.48:698][  0]LogTargetPlatformManager: Display: Loaded TargetPlatform 'Android_PVRTC'
[2021.04.06-13.02.48:698][  0]LogTargetPlatformManager: Display: Loaded TargetPlatform 'AndroidClient'
[2021.04.06-13.02.48:698][  0]LogTargetPlatformManager: Display: Loaded TargetPlatform 'Android_ASTCClient'
[2021.04.06-13.02.48:698][  0]LogTargetPlatformManager: Display: Loaded TargetPlatform 'Android_ATCClient'
[2021.04.06-13.02.48:698][  0]LogTargetPlatformManager: Display: Loaded TargetPlatform 'Android_DXTClient'
[2021.04.06-13.02.48:698][  0]LogTargetPlatformManager: Display: Loaded TargetPlatform 'Android_ETC1Client'
[2021.04.06-13.02.48:698][  0]LogTargetPlatformManager: Display: Loaded TargetPlatform 'Android_ETC1aClient'
[2021.04.06-13.02.48:698][  0]LogTargetPlatformManager: Display: Loaded TargetPlatform 'Android_ETC2Client'
[2021.04.06-13.02.48:698][  0]LogTargetPlatformManager: Display: Loaded TargetPlatform 'Android_PVRTCClient'
[2021.04.06-13.02.48:698][  0]LogTargetPlatformManager: Display: Loaded TargetPlatform 'Android_Multi'
[2021.04.06-13.02.48:698][  0]LogTargetPlatformManager: Display: Loaded TargetPlatform 'Android_MultiClient'
[2021.04.06-13.02.48:868][  0]LogTargetPlatformManager: Display: Loaded TargetPlatform 'IOSClient'
[2021.04.06-13.02.48:868][  0]LogTargetPlatformManager: Display: Loaded TargetPlatform 'IOS'
[2021.04.06-13.02.48:907][  0]LogTargetPlatformManager: Display: Loaded TargetPlatform 'LinuxNoEditor'
[2021.04.06-13.02.48:941][  0]LogTargetPlatformManager: Display: Loaded TargetPlatform 'LinuxClient'
[2021.04.06-13.02.48:966][  0]LogTargetPlatformManager: Display: Loaded TargetPlatform 'LinuxServer'
[2021.04.06-13.02.48:998][  0]LogTargetPlatformManager: Display: Loaded TargetPlatform 'LinuxAArch64NoEditor'
[2021.04.06-13.02.49:023][  0]LogTargetPlatformManager: Display: Loaded TargetPlatform 'LinuxAArch64Client'
[2021.04.06-13.02.49:068][  0]LogTargetPlatformManager: Display: Loaded TargetPlatform 'LinuxAArch64Server'
[2021.04.06-13.02.49:133][  0]LogTargetPlatformManager: Display: Loaded TargetPlatform 'Lumin'
[2021.04.06-13.02.49:133][  0]LogTargetPlatformManager: Display: Loaded TargetPlatform 'LuminClient'
[2021.04.06-13.02.49:166][  0]LogTargetPlatformManager: Display: Loaded TargetPlatform 'TVOSClient'
[2021.04.06-13.02.49:166][  0]LogTargetPlatformManager: Display: Loaded TargetPlatform 'TVOS'
[2021.04.06-13.02.49:262][  0]LogTargetPlatformManager: Display: Loaded TargetPlatform 'WindowsNoEditor'
[2021.04.06-13.02.49:304][  0]LogTargetPlatformManager: Display: Loaded TargetPlatform 'Windows'
[2021.04.06-13.02.49:346][  0]LogTargetPlatformManager: Display: Loaded TargetPlatform 'WindowsClient'
[2021.04.06-13.02.49:391][  0]LogTargetPlatformManager: Display: Loaded TargetPlatform 'WindowsServer'
[2021.04.06-13.02.49:391][  0]LogTargetPlatformManager: Display: Building Assets For Windows
[2021.04.06-13.02.49:645][  0]LogAudioDebug: Display: Lib vorbis DLL was dynamically loaded.
[2021.04.06-13.02.50:579][  0]LogShaderCompilers: Guid format shader working directory is -35 characters bigger than the processId version (../../../../../../Downloads/Portfolio/System_09/KratosAxe_System/KratosAxe_System/Intermediate/Shaders/WorkingDirectory/6624/).
[2021.04.06-13.02.50:579][  0]LogShaderCompilers: Cleaned the shader compiler working directory 'C:/Users/kayky/AppData/Local/Temp/UnrealShaderWorkingDir/DA85937C4A560ED01DA7F29F6ECBF4C6/'.
[2021.04.06-13.02.50:650][  0]LogXGEController: Cleaning working directory: C:/Users/kayky/AppData/Local/Temp/UnrealXGEWorkingDir/
[2021.04.06-13.02.50:650][  0]LogXGEController: Cannot use XGE Controller as Incredibuild is not installed on this machine.
[2021.04.06-13.02.50:650][  0]LogShaderCompilers: Cannot use XGE Shader Compiler as Incredibuild is not installed on this machine.
[2021.04.06-13.02.50:651][  0]LogShaderCompilers: Display: Using Local Shader Compiler.
[2021.04.06-13.02.55:169][  0]LogDerivedDataCache: Display: Max Cache Size: 512 MB
[2021.04.06-13.02.55:728][  0]LogDerivedDataCache: Loaded boot cache 0.54s 78MB C:/Users/kayky/AppData/Local/UnrealEngine/4.24/DerivedDataCache/Boot.ddc.
[2021.04.06-13.02.55:728][  0]LogDerivedDataCache: Display: Loaded Boot cache: C:/Users/kayky/AppData/Local/UnrealEngine/4.24/DerivedDataCache/Boot.ddc
[2021.04.06-13.02.55:728][  0]LogDerivedDataCache: FDerivedDataBackendGraph:  Pak pak cache file ../../../../../../Downloads/Portfolio/System_09/KratosAxe_System/KratosAxe_System/DerivedDataCache/DDC.ddp not found, will not use a pak cache.
[2021.04.06-13.02.55:728][  0]LogDerivedDataCache: Unable to find inner node Pak for hierarchical cache Hierarchy.
[2021.04.06-13.02.55:728][  0]LogDerivedDataCache: FDerivedDataBackendGraph:  CompressedPak pak cache file ../../../../../../Downloads/Portfolio/System_09/KratosAxe_System/KratosAxe_System/DerivedDataCache/Compressed.ddp not found, will not use a pak cache.
[2021.04.06-13.02.55:728][  0]LogDerivedDataCache: Unable to find inner node CompressedPak for hierarchical cache Hierarchy.
[2021.04.06-13.02.55:854][  0]LogDerivedDataCache: Display: Pak cache opened for reading ../../../Engine/DerivedDataCache/Compressed.ddp.
[2021.04.06-13.02.55:854][  0]LogDerivedDataCache: FDerivedDataBackendGraph:  EnterprisePak pak cache file ../../../Enterprise/DerivedDataCache/Compressed.ddp not found, will not use a pak cache.
[2021.04.06-13.02.55:854][  0]LogDerivedDataCache: Unable to find inner node EnterprisePak for hierarchical cache Hierarchy.
[2021.04.06-13.02.55:857][  0]LogDerivedDataCache: Using Local data cache path C:/Users/kayky/AppData/Local/UnrealEngine/Common/DerivedDataCache: Writable
[2021.04.06-13.02.55:857][  0]LogDerivedDataCache: Shared data cache path not found in *engine.ini, will not use an Shared cache.
[2021.04.06-13.02.55:857][  0]LogDerivedDataCache: Unable to find inner node Shared for hierarchical cache Hierarchy.
[2021.04.06-13.02.56:011][  0]LogMaterial: Verifying Global Shaders for PCD3D_SM5
[2021.04.06-13.02.56:067][  0]LogSlate: Using FreeType 2.10.0
[2021.04.06-13.02.56:422][  0]LogSlate: SlateFontServices - WITH_FREETYPE: 1, WITH_HARFBUZZ: 1
[2021.04.06-13.02.58:479][  0]LogAssetRegistry: FAssetRegistry took 0.0066 seconds to start up
[2021.04.06-13.03.05:337][  0]LogInit: Selected Device Profile: [Windows]
[2021.04.06-13.03.07:813][  0]LogMeshReduction: Using QuadricMeshReduction for automatic static mesh reduction
[2021.04.06-13.03.07:813][  0]LogMeshReduction: Using SimplygonMeshReduction for automatic skeletal mesh reduction
[2021.04.06-13.03.07:813][  0]LogMeshReduction: Using ProxyLODMeshReduction for automatic mesh merging
[2021.04.06-13.03.07:813][  0]LogMeshReduction: No distributed automatic mesh merging module available
[2021.04.06-13.03.07:813][  0]LogMeshMerging: No distributed automatic mesh merging module available
[2021.04.06-13.03.08:311][  0]LogNetVersion: KratosAxe_System 1.0.0, NetCL: 10570792, EngineNetVer: 13, GameNetVer: 0 (Checksum: 2393655400)
[2021.04.06-13.03.32:598][  0]LogPackageLocalizationCache: Processed 10 localized package path(s) for 2 prioritized culture(s) in 0.113883 seconds
[2021.04.06-13.03.32:628][  0]LogUObjectArray: 46750 objects as part of root set at end of initial load.
[2021.04.06-13.03.32:628][  0]LogUObjectAllocator: 8137160 out of 0 bytes used by permanent object pool.
[2021.04.06-13.03.32:628][  0]LogUObjectArray: CloseDisregardForGC: 0/0 objects in disregard for GC pool
[2021.04.06-13.03.38:569][  0]LogTcpMessaging: Initializing TcpMessaging bridge
[2021.04.06-13.03.38:615][  0]LogUdpMessaging: Initializing bridge on interface 0.0.0.0:0 to multicast group 230.0.0.1:6666.
[2021.04.06-13.03.39:551][  0]SourceControl: Controle de origem desativado
[2021.04.06-13.03.39:556][  0]SourceControl: Controle de origem desativado
[2021.04.06-13.03.39:647][  0]SourceControl: Controle de origem desativado
[2021.04.06-13.03.39:688][  0]SourceControl: Controle de origem desativado
[2021.04.06-13.03.39:722][  0]SourceControl: Controle de origem desativado
[2021.04.06-13.03.41:521][  0]LogAndroidPermission: UAndroidPermissionCallbackProxy::GetInstance
[2021.04.06-13.03.41:763][  0]LogAudioCaptureCore: Display: No Audio Capture implementations found. Audio input will be silent.
[2021.04.06-13.03.41:763][  0]LogAudioCaptureCore: Display: No Audio Capture implementations found. Audio input will be silent.
[2021.04.06-13.03.42:381][  0]LogOcInput: OculusInput pre-init called
[2021.04.06-13.03.42:532][  0]LogWindows: Failed to load 'OVRPlugin.dll' (GetLastError=126)
[2021.04.06-13.03.42:532][  0]LogWindows: File 'OVRPlugin.dll' does not exist
[2021.04.06-13.03.44:393][  0]LogEngine: Initializing Engine...
[2021.04.06-13.03.44:436][  0]LogHMD: Failed to initialize OpenVR with code 110
[2021.04.06-13.03.44:546][  0]LogStats: UGameplayTagsManager::InitializeManager -  0.033 s
[2021.04.06-13.03.45:862][  0]LogInit: Initializing FReadOnlyCVARCache
[2021.04.06-13.03.46:487][  0]LogAIModule: Creating AISystem for world Untitled
[2021.04.06-13.03.46:745][  0]LogAudioMixer: Display: Audio Mixer Platform Settings:
[2021.04.06-13.03.46:745][  0]LogAudioMixer: Display: 	Sample Rate:						  48000
[2021.04.06-13.03.46:745][  0]LogAudioMixer: Display: 	Callback Buffer Frame Size Requested: 1024
[2021.04.06-13.03.46:745][  0]LogAudioMixer: Display: 	Callback Buffer Frame Size To Use:	  1024
[2021.04.06-13.03.46:745][  0]LogAudioMixer: Display: 	Number of buffers to queue:			  2
[2021.04.06-13.03.46:745][  0]LogAudioMixer: Display: 	Max Channels (voices):				  32
[2021.04.06-13.03.46:745][  0]LogAudioMixer: Display: 	Number of Async Source Workers:		  0
[2021.04.06-13.03.46:745][  0]LogAudio: Display: AudioDevice MaxSources: 32
[2021.04.06-13.03.46:748][  0]LogAudio: Display: Using built-in audio occlusion.
[2021.04.06-13.03.46:748][  0]LogAudioMixer: Display: Initializing audio mixer.
[2021.04.06-13.03.46:863][  0]LogAudioMixer: Display: Audio Device Output Speaker Info:
[2021.04.06-13.03.46:863][  0]LogAudioMixer: Display: Name: Alto-falantes (Realtek(R) Audio)
[2021.04.06-13.03.46:863][  0]LogAudioMixer: Display: Is Default: Yes
[2021.04.06-13.03.46:863][  0]LogAudioMixer: Display: Sample Rate: 48000
[2021.04.06-13.03.46:863][  0]LogAudioMixer: Display: Channel Count Used: 2
[2021.04.06-13.03.46:863][  0]LogAudioMixer: Display: Device Channel Count: 2
[2021.04.06-13.03.46:863][  0]LogAudioMixer: Display: Channel Order:
[2021.04.06-13.03.46:863][  0]LogAudioMixer: Display: 0: FrontLeft
[2021.04.06-13.03.46:863][  0]LogAudioMixer: Display: 1: FrontRight
[2021.04.06-13.03.46:905][  0]LogAudioMixer: Display: Using Audio Device Alto-falantes (Realtek(R) Audio)
[2021.04.06-13.03.46:935][  0]LogInit: FAudioDevice initialized.
[2021.04.06-13.03.46:947][  0]LogNetVersion: Set ProjectVersion to 1.0.0.0. Version Checksum will be recalculated on next use.
[2021.04.06-13.03.47:027][  0]LogDerivedDataCache: Saved boot cache 0.08s 78MB C:/Users/kayky/AppData/Local/UnrealEngine/4.24/DerivedDataCache/Boot.ddc.
[2021.04.06-13.03.47:046][  0]LogInit: Texture streaming: Enabled
[2021.04.06-13.03.47:354][  0]LogEngineSessionManager: EngineSessionManager initialized
[2021.04.06-13.03.47:354][  0]LogEditorSessionSummary: Verbose: Initializing EditorSessionSummaryWriter for editor session tracking
[2021.04.06-13.03.47:369][  0]LogEditorSessionSummary: EditorSessionSummaryWriter initialized
[2021.04.06-13.03.47:694][  0]LogInit: Transaction tracking system initialized
[2021.04.06-13.03.48:295][  0]BlueprintLog: New page: Carregar Editor
[2021.04.06-13.03.49:610][  0]LocalizationService: Localization service is disabled
[2021.04.06-13.03.54:015][  0]LogFileCache: Scanning file cache for directory 'D:/Downloads/Portfolio/System_09/KratosAxe_System/KratosAxe_System/Content/' took 0.05s
[2021.04.06-13.03.54:015][  0]LogCook: Display: Max memory allowance for cook 16384mb min free memory 0mb
[2021.04.06-13.03.54:015][  0]LogCook: Display: Mobile HDR setting 1
[2021.04.06-13.03.58:169][  0]SourceControl: Controle de origem desativado
[2021.04.06-13.03.58:241][  0]Cmd: MAP LOAD FILE="../../../../../../Downloads/Portfolio/System_09/KratosAxe_System/KratosAxe_System/Content/ThirdPersonBP/Maps/ThirdPersonExampleMap.umap" TEMPLATE=0 SHOWPROGRESS=1 FEATURELEVEL=3
[2021.04.06-13.03.58:271][  0]LightingResults: New page: Compilação de Iluminação
[2021.04.06-13.03.58:399][  0]LogWorld: UWorld::CleanupWorld for Untitled, bSessionEnded=true, bCleanupResources=true
[2021.04.06-13.03.58:432][  0]LogSlate: InvalidateAllWidgets triggered.  All widgets were invalidated
[2021.04.06-13.03.58:515][  0]MapCheck: New page: Verificação de Mapa
[2021.04.06-13.03.58:515][  0]LightingResults: New page: Compilação de Iluminação
[2021.04.06-13.03.58:907][  0]LogUObjectHash: Compacting FUObjectHashTables data took   1.50ms
[2021.04.06-13.04.02:666][  0]LogAIModule: Creating AISystem for world ThirdPersonExampleMap
[2021.04.06-13.04.03:254][  0]LogEditorServer: Finished looking for orphan Actors (0.000 secs)
[2021.04.06-13.04.03:445][  0]LogUObjectHash: Compacting FUObjectHashTables data took   1.94ms
[2021.04.06-13.04.03:445][  0]Cmd: MAP CHECKDEP NOCLEARLOG
[2021.04.06-13.04.03:445][  0]MapCheck: Map check complete: 0 Error(s), 0 Warning(s), took 0,49ms to complete.
[2021.04.06-13.04.03:445][  0]LogFileHelpers: Loading map 'ThirdPersonExampleMap' took 5.254
[2021.04.06-13.04.10:167][  0]LogSlate: Updating window title bar state: overlay mode, drag disabled, window buttons hidden, title bar hidden
[2021.04.06-13.04.10:215][  0]LogSlate: Updating window title bar state: overlay mode, drag disabled, window buttons hidden, title bar hidden
[2021.04.06-13.04.10:221][  0]LogSlate: Updating window title bar state: overlay mode, drag disabled, window buttons hidden, title bar hidden
[2021.04.06-13.04.10:227][  0]LogSlate: Updating window title bar state: overlay mode, drag disabled, window buttons hidden, title bar hidden
[2021.04.06-13.04.13:894][  0]LogCollectionManager: Loaded 0 collections in 0.001124 seconds
[2021.04.06-13.04.14:560][  0]LogFileCache: Scanning file cache for directory 'D:/Downloads/Portfolio/System_09/KratosAxe_System/KratosAxe_System/Saved/Collections/' took 0.00s
[2021.04.06-13.04.14:560][  0]LogFileCache: Scanning file cache for directory 'D:/Downloads/Portfolio/System_09/KratosAxe_System/KratosAxe_System/Content/Developers/kayky/Collections/' took 0.00s
[2021.04.06-13.04.14:560][  0]LogFileCache: Scanning file cache for directory 'D:/Downloads/Portfolio/System_09/KratosAxe_System/KratosAxe_System/Content/Collections/' took 0.00s
[2021.04.06-13.04.14:560][  0]LogContentBrowser: Native class hierarchy populated in 0.0074 seconds. Added 3017 classes and 720 folders.
[2021.04.06-13.04.14:667][  0]LogContentBrowser: Native class hierarchy updated for 'WidgetCarousel' in 0.0003 seconds. Added 0 classes and 0 folders.
[2021.04.06-13.04.17:171][  0]LogContentBrowser: Native class hierarchy updated for 'AddContentDialog' in 0.0003 seconds. Added 0 classes and 0 folders.
[2021.04.06-13.04.17:472][  0]LogSlate: Took 0.042659 seconds to synchronously load lazily loaded font '../../../Engine/Content/Slate/Fonts/Roboto-Regular.ttf' (155K)
[2021.04.06-13.04.17:507][  0]LogSlate: Took 0.005613 seconds to synchronously load lazily loaded font '../../../Engine/Content/Slate/Fonts/Roboto-Bold.ttf' (160K)
[2021.04.06-13.04.18:234][  0]LogRenderer: Reallocating scene render targets to support 816x668 Format 10 NumSamples 1 (Frame:1).
[2021.04.06-13.04.20:005][  0]LogContentBrowser: Native class hierarchy updated for 'HierarchicalLODOutliner' in 0.0003 seconds. Added 0 classes and 0 folders.
[2021.04.06-13.04.20:005][  0]LogLoad: (Engine Initialization) Total time: 121.70 seconds
[2021.04.06-13.04.20:005][  0]LogLoad: (Engine Initialization) Total Blueprint compile time: 0.00 seconds
[2021.04.06-13.04.22:614][  0]LogContentStreaming: Texture pool size now 1000 MB
[2021.04.06-13.04.23:333][  1]LogRenderer: Reallocating scene render targets to support 816x688 Format 10 NumSamples 1 (Frame:2).
[2021.04.06-13.04.26:093][ 27]LogAssetRegistry: Asset discovery search completed in 87.6162 seconds
[2021.04.06-13.04.26:118][ 27]LogCollectionManager: Fixed up redirectors for 0 collections in 0.004366 seconds (updated 0 objects)
[2021.04.06-13.04.53:530][444]LogTemp: Repeating last play command: Selected Viewport
[2021.04.06-13.04.53:550][444]LogBlueprintUserMessages: Early PlayInEditor Detection: Level '/Game/ThirdPersonBP/Maps/ThirdPersonExampleMap.ThirdPersonExampleMap:PersistentLevel' has LevelScriptBlueprint '/Game/ThirdPersonBP/Maps/ThirdPersonExampleMap.ThirdPersonExampleMap:PersistentLevel.ThirdPersonExampleMap' with GeneratedClass '/Game/ThirdPersonBP/Maps/ThirdPersonExampleMap.ThirdPersonExampleMap_C' with ClassGeneratedBy '/Game/ThirdPersonBP/Maps/ThirdPersonExampleMap.ThirdPersonExampleMap:PersistentLevel.ThirdPersonExampleMap'
[2021.04.06-13.04.53:603][444]LogPlayLevel: PlayLevel: No blueprints needed recompiling
[2021.04.06-13.04.53:639][444]PIE: New page: Sessão de PIE : ThirdPersonExampleMap (6 de abr de 2021 07:04:53)
[2021.04.06-13.04.53:722][444]LogOnline: OSS: Creating online subsystem instance for: NULL
[2021.04.06-13.04.53:723][444]LogOnline: OSS: TryLoadSubsystemAndSetDefault: Loaded subsystem for module [NULL]
[2021.04.06-13.04.53:733][444]LogPlayLevel: Creating play world package: /Game/ThirdPersonBP/Maps/UEDPIE_0_ThirdPersonExampleMap
[2021.04.06-13.04.53:782][444]LogPlayLevel: PIE: StaticDuplicateObject took: (0.048468s)
[2021.04.06-13.04.53:792][444]LogAIModule: Creating AISystem for world ThirdPersonExampleMap
[2021.04.06-13.04.53:796][444]LogPlayLevel: PIE: World Init took: (0.014376s)
[2021.04.06-13.04.53:796][444]LogPlayLevel: PIE: Created PIE world by copying editor world from /Game/ThirdPersonBP/Maps/ThirdPersonExampleMap.ThirdPersonExampleMap to /Game/ThirdPersonBP/Maps/UEDPIE_0_ThirdPersonExampleMap.ThirdPersonExampleMap (0.063471s)
[2021.04.06-13.04.53:826][444]LogUObjectHash: Compacting FUObjectHashTables data took   1.26ms
[2021.04.06-13.04.53:845][444]LogAudioMixer: Display: Audio Mixer Platform Settings:
[2021.04.06-13.04.53:845][444]LogAudioMixer: Display: 	Sample Rate:						  48000
[2021.04.06-13.04.53:845][444]LogAudioMixer: Display: 	Callback Buffer Frame Size Requested: 1024
[2021.04.06-13.04.53:845][444]LogAudioMixer: Display: 	Callback Buffer Frame Size To Use:	  1024
[2021.04.06-13.04.53:845][444]LogAudioMixer: Display: 	Number of buffers to queue:			  2
[2021.04.06-13.04.53:845][444]LogAudioMixer: Display: 	Max Channels (voices):				  32
[2021.04.06-13.04.53:845][444]LogAudioMixer: Display: 	Number of Async Source Workers:		  0
[2021.04.06-13.04.53:845][444]LogAudio: Display: AudioDevice MaxSources: 32
[2021.04.06-13.04.53:846][444]LogAudio: Display: Using built-in audio occlusion.
[2021.04.06-13.04.53:846][444]LogAudioMixer: Display: Initializing audio mixer.
[2021.04.06-13.04.53:859][444]LogAudioMixer: Display: Audio Device Output Speaker Info:
[2021.04.06-13.04.53:859][444]LogAudioMixer: Display: Name: Alto-falantes (Realtek(R) Audio)
[2021.04.06-13.04.53:859][444]LogAudioMixer: Display: Is Default: Yes
[2021.04.06-13.04.53:859][444]LogAudioMixer: Display: Sample Rate: 48000
[2021.04.06-13.04.53:859][444]LogAudioMixer: Display: Channel Count Used: 2
[2021.04.06-13.04.53:859][444]LogAudioMixer: Display: Device Channel Count: 2
[2021.04.06-13.04.53:859][444]LogAudioMixer: Display: Channel Order:
[2021.04.06-13.04.53:859][444]LogAudioMixer: Display: 0: FrontLeft
[2021.04.06-13.04.53:859][444]LogAudioMixer: Display: 1: FrontRight
[2021.04.06-13.04.53:949][444]LogAudioMixer: Display: Using Audio Device Alto-falantes (Realtek(R) Audio)
[2021.04.06-13.04.53:978][444]LogInit: FAudioDevice initialized.
[2021.04.06-13.04.54:073][444]LogLoad: Game class is 'ThirdPersonGameMode_C'
[2021.04.06-13.04.54:185][444]LogWorld: Bringing World /Game/ThirdPersonBP/Maps/UEDPIE_0_ThirdPersonExampleMap.ThirdPersonExampleMap up for play (max tick rate 0) at 2021.04.06-10.04.54
[2021.04.06-13.04.54:209][444]LogWorld: Bringing up level for play took: 0.032409
[2021.04.06-13.04.54:210][444]LogOnline: OSS: Creating online subsystem instance for: :Context_2
[2021.04.06-13.04.54:410][444]LogContentBrowser: Native class hierarchy updated for 'MovieSceneCapture' in 0.0003 seconds. Added 20 classes and 0 folders.
[2021.04.06-13.04.54:425][444]PIE: Momento de início de reprodução no editor para /Game/ThirdPersonBP/Maps/UEDPIE_0_ThirdPersonExampleMap 1,506
[2021.04.06-13.04.54:425][444]LogBlueprintUserMessages: Late PlayInEditor Detection: Level '/Game/ThirdPersonBP/Maps/ThirdPersonExampleMap.ThirdPersonExampleMap:PersistentLevel' has LevelScriptBlueprint '/Game/ThirdPersonBP/Maps/ThirdPersonExampleMap.ThirdPersonExampleMap:PersistentLevel.ThirdPersonExampleMap' with GeneratedClass '/Game/ThirdPersonBP/Maps/ThirdPersonExampleMap.ThirdPersonExampleMap_C' with ClassGeneratedBy '/Game/ThirdPersonBP/Maps/ThirdPersonExampleMap.ThirdPersonExampleMap:PersistentLevel.ThirdPersonExampleMap'
[2021.04.06-13.05.16:000][  0]LogAudioMixer: Display: No commands were queued while flushing the source manager.
[2021.04.06-13.05.16:000][  0]LogAudioMixer: Display: No commands were queued while flushing the source manager.
[2021.04.06-13.05.16:027][  0]LogBlueprintUserMessages: Early EndPlayMap Detection: Level '/Game/ThirdPersonBP/Maps/ThirdPersonExampleMap.ThirdPersonExampleMap:PersistentLevel' has LevelScriptBlueprint '/Game/ThirdPersonBP/Maps/ThirdPersonExampleMap.ThirdPersonExampleMap:PersistentLevel.ThirdPersonExampleMap' with GeneratedClass '/Game/ThirdPersonBP/Maps/ThirdPersonExampleMap.ThirdPersonExampleMap_C' with ClassGeneratedBy '/Game/ThirdPersonBP/Maps/ThirdPersonExampleMap.ThirdPersonExampleMap:PersistentLevel.ThirdPersonExampleMap'
[2021.04.06-13.05.16:092][  0]LogSlate: Updating window title bar state: overlay mode, drag disabled, window buttons hidden, title bar hidden
[2021.04.06-13.05.16:092][  0]LogWorld: BeginTearingDown for /Game/ThirdPersonBP/Maps/UEDPIE_0_ThirdPersonExampleMap
[2021.04.06-13.05.16:110][  0]LogAudioMixer: Display: No commands were queued while flushing the source manager.
[2021.04.06-13.05.16:131][  0]LogWorld: UWorld::CleanupWorld for ThirdPersonExampleMap, bSessionEnded=true, bCleanupResources=true
[2021.04.06-13.05.16:158][  0]LogSlate: InvalidateAllWidgets triggered.  All widgets were invalidated
[2021.04.06-13.05.16:211][  0]LogPlayLevel: Display: Shutting down PIE online subsystems
[2021.04.06-13.05.16:212][  0]LogBlueprintUserMessages: Late EndPlayMap Detection: Level '/Game/ThirdPersonBP/Maps/ThirdPersonExampleMap.ThirdPersonExampleMap:PersistentLevel' has LevelScriptBlueprint '/Game/ThirdPersonBP/Maps/ThirdPersonExampleMap.ThirdPersonExampleMap:PersistentLevel.ThirdPersonExampleMap' with GeneratedClass '/Game/ThirdPersonBP/Maps/ThirdPersonExampleMap.ThirdPersonExampleMap_C' with ClassGeneratedBy '/Game/ThirdPersonBP/Maps/ThirdPersonExampleMap.ThirdPersonExampleMap:PersistentLevel.ThirdPersonExampleMap'
[2021.04.06-13.05.16:227][  0]LogSlate: InvalidateAllWidgets triggered.  All widgets were invalidated
[2021.04.06-13.05.16:277][  0]LogAudioMixer: Display: No commands were queued while flushing the source manager.
[2021.04.06-13.05.16:345][  0]LogSlate: Updating window title bar state: overlay mode, drag disabled, window buttons hidden, title bar hidden
[2021.04.06-13.05.16:433][  0]LogUObjectHash: Compacting FUObjectHashTables data took   1.56ms
[2021.04.06-13.05.16:462][  1]LogPlayLevel: Display: Destroying online subsystem :Context_2
[2021.04.06-13.05.17:018][ 51]LogSlate: Took 0.024665 seconds to synchronously load lazily loaded font '../../../Engine/Content/Editor/Slate/Fonts/FontAwesome.ttf' (139K)
[2021.04.06-13.05.20:684][423]LogSlate: Took 0.018444 seconds to synchronously load lazily loaded font '../../../Engine/Content/Slate/Fonts/Roboto-Light.ttf' (167K)
[2021.04.06-13.05.20:707][423]LogAssetEditorSubsystem: Opening Asset editor for Blueprint /Game/ThirdPersonBP/Blueprints/ThirdPersonCharacter.ThirdPersonCharacter
[2021.04.06-13.05.21:215][423]LogContentBrowser: Native class hierarchy updated for 'BlueprintGraph' in 0.0005 seconds. Added 121 classes and 0 folders.
[2021.04.06-13.05.23:096][423]LogSlate: Took 0.014316 seconds to synchronously load lazily loaded font '../../../Engine/Content/Slate/Fonts/Roboto-BoldCondensed.ttf' (158K)
[2021.04.06-13.05.23:910][424]LogSlate: Took 0.016720 seconds to synchronously load lazily loaded font '../../../Engine/Content/Slate/Fonts/Roboto-Italic.ttf' (157K)
[2021.04.06-13.07.40:478][480]BlueprintLog: New page: Compilar ThirdPersonCharacter
[2021.04.06-13.07.41:095][480]LogUObjectHash: Compacting FUObjectHashTables data took   3.14ms
[2021.04.06-13.07.41:842][481]LogSavePackage: Moving '../../../../../../Downloads/Portfolio/System_09/KratosAxe_System/KratosAxe_System/Saved/ThirdPersonCharacter090767D145F5278133220DB2B6E23A64.tmp' to '../../../../../../Downloads/Portfolio/System_09/KratosAxe_System/KratosAxe_System/Content/ThirdPersonBP/Blueprints/ThirdPersonCharacter.uasset'
[2021.04.06-13.07.41:901][481]AssetCheck: New page: Asset Save: ThirdPersonCharacter
[2021.04.06-13.07.41:901][481]LogContentValidation: Display: Validating Blueprint /Game/ThirdPersonBP/Blueprints/ThirdPersonCharacter.ThirdPersonCharacter
[2021.04.06-13.07.43:581][622]LogTemp: Repeating last play command: Selected Viewport
[2021.04.06-13.07.43:589][622]LogBlueprintUserMessages: Early PlayInEditor Detection: Level '/Game/ThirdPersonBP/Maps/ThirdPersonExampleMap.ThirdPersonExampleMap:PersistentLevel' has LevelScriptBlueprint '/Game/ThirdPersonBP/Maps/ThirdPersonExampleMap.ThirdPersonExampleMap:PersistentLevel.ThirdPersonExampleMap' with GeneratedClass '/Game/ThirdPersonBP/Maps/ThirdPersonExampleMap.ThirdPersonExampleMap_C' with ClassGeneratedBy '/Game/ThirdPersonBP/Maps/ThirdPersonExampleMap.ThirdPersonExampleMap:PersistentLevel.ThirdPersonExampleMap'
[2021.04.06-13.07.43:589][622]LogPlayLevel: PlayLevel: No blueprints needed recompiling
[2021.04.06-13.07.43:589][622]PIE: New page: Sessão de PIE : ThirdPersonExampleMap (6 de abr de 2021 07:07:43)
[2021.04.06-13.07.43:589][622]LogPlayLevel: Creating play world package: /Game/ThirdPersonBP/Maps/UEDPIE_0_ThirdPersonExampleMap
[2021.04.06-13.07.43:600][622]LogPlayLevel: PIE: StaticDuplicateObject took: (0.011082s)
[2021.04.06-13.07.43:601][622]LogAIModule: Creating AISystem for world ThirdPersonExampleMap
[2021.04.06-13.07.43:602][622]LogPlayLevel: PIE: World Init took: (0.001117s)
[2021.04.06-13.07.43:602][622]LogPlayLevel: PIE: Created PIE world by copying editor world from /Game/ThirdPersonBP/Maps/ThirdPersonExampleMap.ThirdPersonExampleMap to /Game/ThirdPersonBP/Maps/UEDPIE_0_ThirdPersonExampleMap.ThirdPersonExampleMap (0.012342s)
[2021.04.06-13.07.43:636][622]LogUObjectHash: Compacting FUObjectHashTables data took   3.00ms
[2021.04.06-13.07.43:650][622]LogAudioMixer: Display: Audio Mixer Platform Settings:
[2021.04.06-13.07.43:650][622]LogAudioMixer: Display: 	Sample Rate:						  48000
[2021.04.06-13.07.43:650][622]LogAudioMixer: Display: 	Callback Buffer Frame Size Requested: 1024
[2021.04.06-13.07.43:650][622]LogAudioMixer: Display: 	Callback Buffer Frame Size To Use:	  1024
[2021.04.06-13.07.43:650][622]LogAudioMixer: Display: 	Number of buffers to queue:			  2
[2021.04.06-13.07.43:650][622]LogAudioMixer: Display: 	Max Channels (voices):				  32
[2021.04.06-13.07.43:650][622]LogAudioMixer: Display: 	Number of Async Source Workers:		  0
[2021.04.06-13.07.43:650][622]LogAudio: Display: AudioDevice MaxSources: 32
[2021.04.06-13.07.43:650][622]LogAudio: Display: Using built-in audio occlusion.
[2021.04.06-13.07.43:650][622]LogAudioMixer: Display: Initializing audio mixer.
[2021.04.06-13.07.43:662][622]LogAudioMixer: Display: Audio Device Output Speaker Info:
[2021.04.06-13.07.43:662][622]LogAudioMixer: Display: Name: Alto-falantes (Realtek(R) Audio)
[2021.04.06-13.07.43:662][622]LogAudioMixer: Display: Is Default: Yes
[2021.04.06-13.07.43:662][622]LogAudioMixer: Display: Sample Rate: 48000
[2021.04.06-13.07.43:662][622]LogAudioMixer: Display: Channel Count Used: 2
[2021.04.06-13.07.43:662][622]LogAudioMixer: Display: Device Channel Count: 2
[2021.04.06-13.07.43:662][622]LogAudioMixer: Display: Channel Order:
[2021.04.06-13.07.43:662][622]LogAudioMixer: Display: 0: FrontLeft
[2021.04.06-13.07.43:662][622]LogAudioMixer: Display: 1: FrontRight
[2021.04.06-13.07.43:677][622]LogAudioMixer: Display: Using Audio Device Alto-falantes (Realtek(R) Audio)
[2021.04.06-13.07.43:679][622]LogInit: FAudioDevice initialized.
[2021.04.06-13.07.43:731][622]LogSlate: Updating window title bar state: overlay mode, drag disabled, window buttons hidden, title bar hidden
[2021.04.06-13.07.43:731][622]LogLoad: Game class is 'ThirdPersonGameMode_C'
[2021.04.06-13.07.43:734][622]LogWorld: Bringing World /Game/ThirdPersonBP/Maps/UEDPIE_0_ThirdPersonExampleMap.ThirdPersonExampleMap up for play (max tick rate 0) at 2021.04.06-10.07.43
[2021.04.06-13.07.43:734][622]LogWorld: Bringing up level for play took: 0.001716
[2021.04.06-13.07.43:734][622]LogOnline: OSS: Creating online subsystem instance for: :Context_5
[2021.04.06-13.07.43:741][622]PIE: Momento de início de reprodução no editor para /Game/ThirdPersonBP/Maps/UEDPIE_0_ThirdPersonExampleMap 0,822
[2021.04.06-13.07.43:742][622]LogBlueprintUserMessages: Late PlayInEditor Detection: Level '/Game/ThirdPersonBP/Maps/ThirdPersonExampleMap.ThirdPersonExampleMap:PersistentLevel' has LevelScriptBlueprint '/Game/ThirdPersonBP/Maps/ThirdPersonExampleMap.ThirdPersonExampleMap:PersistentLevel.ThirdPersonExampleMap' with GeneratedClass '/Game/ThirdPersonBP/Maps/ThirdPersonExampleMap.ThirdPersonExampleMap_C' with ClassGeneratedBy '/Game/ThirdPersonBP/Maps/ThirdPersonExampleMap.ThirdPersonExampleMap:PersistentLevel.ThirdPersonExampleMap'
[2021.04.06-13.08.18:996][206]LogAudioMixer: Display: No commands were queued while flushing the source manager.
[2021.04.06-13.08.18:996][206]LogAudioMixer: Display: No commands were queued while flushing the source manager.
[2021.04.06-13.08.18:996][206]LogBlueprintUserMessages: Early EndPlayMap Detection: Level '/Game/ThirdPersonBP/Maps/ThirdPersonExampleMap.ThirdPersonExampleMap:PersistentLevel' has LevelScriptBlueprint '/Game/ThirdPersonBP/Maps/ThirdPersonExampleMap.ThirdPersonExampleMap:PersistentLevel.ThirdPersonExampleMap' with GeneratedClass '/Game/ThirdPersonBP/Maps/ThirdPersonExampleMap.ThirdPersonExampleMap_C' with ClassGeneratedBy '/Game/ThirdPersonBP/Maps/ThirdPersonExampleMap.ThirdPersonExampleMap:PersistentLevel.ThirdPersonExampleMap'
[2021.04.06-13.08.18:996][206]LogSlate: Updating window title bar state: overlay mode, drag disabled, window buttons hidden, title bar hidden
[2021.04.06-13.08.18:996][206]LogWorld: BeginTearingDown for /Game/ThirdPersonBP/Maps/UEDPIE_0_ThirdPersonExampleMap
[2021.04.06-13.08.19:004][206]LogSlate: Window 'KratosAxe_System Visualização do Jogo Standalone(64-bit/PCD3D_SM5)' being destroyed
[2021.04.06-13.08.19:060][206]LogAudioMixer: Display: No commands were queued while flushing the source manager.
[2021.04.06-13.08.19:060][206]LogWorld: UWorld::CleanupWorld for ThirdPersonExampleMap, bSessionEnded=true, bCleanupResources=true
[2021.04.06-13.08.19:061][206]LogSlate: InvalidateAllWidgets triggered.  All widgets were invalidated
[2021.04.06-13.08.19:094][206]LogPlayLevel: Display: Shutting down PIE online subsystems
[2021.04.06-13.08.19:094][206]LogBlueprintUserMessages: Late EndPlayMap Detection: Level '/Game/ThirdPersonBP/Maps/ThirdPersonExampleMap.ThirdPersonExampleMap:PersistentLevel' has LevelScriptBlueprint '/Game/ThirdPersonBP/Maps/ThirdPersonExampleMap.ThirdPersonExampleMap:PersistentLevel.ThirdPersonExampleMap' with GeneratedClass '/Game/ThirdPersonBP/Maps/ThirdPersonExampleMap.ThirdPersonExampleMap_C' with ClassGeneratedBy '/Game/ThirdPersonBP/Maps/ThirdPersonExampleMap.ThirdPersonExampleMap:PersistentLevel.ThirdPersonExampleMap'
[2021.04.06-13.08.19:097][206]LogSlate: InvalidateAllWidgets triggered.  All widgets were invalidated
[2021.04.06-13.08.19:128][206]LogAudioMixer: Display: No commands were queued while flushing the source manager.
[2021.04.06-13.08.19:140][206]LogUObjectHash: Compacting FUObjectHashTables data took   2.24ms
[2021.04.06-13.08.19:415][207]LogPlayLevel: Display: Destroying online subsystem :Context_5
[2021.04.06-13.08.37:403][965]LogAssetEditorSubsystem: Opening Asset editor for Blueprint /Game/KratosAxe_BP.KratosAxe_BP
[2021.04.06-13.08.40:110][201]LogSlate: Window 'KratosAxe_BP' being destroyed
[2021.04.06-13.08.55:850][911]LogAssetEditorSubsystem: Opening Asset editor for WidgetBlueprint /Game/AimWidget/Aim.Aim
[2021.04.06-13.09.05:986][909]LogAssetEditorSubsystem: Opening Asset editor for AnimBlueprint /Game/Mannequin/Animations/ThirdPerson_AnimBP.ThirdPerson_AnimBP
[2021.04.06-13.09.06:220][909]LogContentBrowser: Native class hierarchy updated for 'SkeletonEditor' in 0.0003 seconds. Added 1 classes and 2 folders.
[2021.04.06-13.09.07:244][909]LogActorComponent: RegisterComponentWithWorld: (/Engine/Transient.World_11:PersistentLevel.AnimationEditorPreviewActor_0.DebugSkelMeshComponent_0) Already registered. Aborting.
[2021.04.06-13.09.07:377][909]LogContentBrowser: Native class hierarchy updated for 'PinnedCommandList' in 0.0003 seconds. Added 1 classes and 0 folders.
[2021.04.06-13.09.07:842][909]LogSkeletalMesh: USkeletalMeshComponent::InitArticulated : Bodies already created (/Engine/Transient.World_11:PersistentLevel.AnimationEditorPreviewActor_0.DebugSkelMeshComponent_0) - call TermArticulated first.
[2021.04.06-13.09.09:137][909]LogContentBrowser: Verbose: The majority of assets in the view are of type: AnimSequence
[2021.04.06-13.09.33:024][218]LogUObjectArray: Warning: Invalid object index 6619245
[2021.04.06-13.09.33:047][218]LogOutputDevice: Warning: 

Script Stack (0 frames):

[2021.04.06-13.09.34:735][218]LogStats: FPlatformStackWalk::StackWalkAndDump -  1.674 s
[2021.04.06-13.09.34:735][218]LogOutputDevice: Error: === Handled ensure: ===
[2021.04.06-13.09.34:735][218]LogOutputDevice: Error: 
[2021.04.06-13.09.34:735][218]LogOutputDevice: Error: Ensure condition failed: false [File:D:/Build/++UE4/Sync/Engine/Source/Editor/UnrealEd/Private/Kismet2/KismetDebugUtilities.cpp] [Line: 1165]
[2021.04.06-13.09.34:735][218]LogOutputDevice: Error: Error: Invalid (but non-null) property associated with pin; cannot get variable value
[2021.04.06-13.09.34:735][218]LogOutputDevice: Error: Stack: 
[2021.04.06-13.09.34:735][218]LogOutputDevice: Error: [Callstack] 0x00007ffee13e7b69 UE4Editor-UnrealEd.dll!UnknownFunction []
[2021.04.06-13.09.34:735][218]LogOutputDevice: Error: [Callstack] 0x00007ffee0bf678a UE4Editor-UnrealEd.dll!UnknownFunction []
[2021.04.06-13.09.34:735][218]LogOutputDevice: Error: [Callstack] 0x00007ffee0c0409f UE4Editor-UnrealEd.dll!UnknownFunction []
[2021.04.06-13.09.34:735][218]LogOutputDevice: Error: [Callstack] 0x00007ffee2c0c5b1 UE4Editor-BlueprintGraph.dll!UnknownFunction []
[2021.04.06-13.09.34:735][218]LogOutputDevice: Error: [Callstack] 0x00007ffedfb3977a UE4Editor-GraphEditor.dll!UnknownFunction []
[2021.04.06-13.09.34:735][218]LogOutputDevice: Error: [Callstack] 0x00007ffedfaf1647 UE4Editor-GraphEditor.dll!UnknownFunction []
[2021.04.06-13.09.34:735][218]LogOutputDevice: Error: [Callstack] 0x00007ffeee74b144 UE4Editor-Slate.dll!UnknownFunction []
[2021.04.06-13.09.34:735][218]LogOutputDevice: Error: [Callstack] 0x00007ffeee93dc63 UE4Editor-Slate.dll!UnknownFunction []
[2021.04.06-13.09.34:735][218]LogOutputDevice: Error: [Callstack] 0x00007ffeee7960b3 UE4Editor-Slate.dll!UnknownFunction []
[2021.04.06-13.09.34:735][218]LogOutputDevice: Error: [Callstack] 0x00007ffeee7746f9 UE4Editor-Slate.dll!UnknownFunction []
[2021.04.06-13.09.34:735][218]LogOutputDevice: Error: [Callstack] 0x00007ffeee768ce2 UE4Editor-Slate.dll!UnknownFunction []
[2021.04.06-13.09.34:735][218]LogOutputDevice: Error: [Callstack] 0x00007ffef63e4ae7 UE4Editor-ApplicationCore.dll!UnknownFunction []
[2021.04.06-13.09.34:735][218]LogOutputDevice: Error: [Callstack] 0x00007ffef63d242f UE4Editor-ApplicationCore.dll!UnknownFunction []
[2021.04.06-13.09.34:735][218]LogOutputDevice: Error: [Callstack] 0x00007ffef63e7195 UE4Editor-ApplicationCore.dll!UnknownFunction []
[2021.04.06-13.09.34:735][218]LogOutputDevice: Error: [Callstack] 0x00007ffef63cec40 UE4Editor-ApplicationCore.dll!UnknownFunction []
[2021.04.06-13.09.34:735][218]LogOutputDevice: Error: [Callstack] 0x00007fff49dbe858 USER32.dll!UnknownFunction []
[2021.04.06-13.09.34:735][218]LogOutputDevice: Error: [Callstack] 0x00007fff49dbe299 USER32.dll!UnknownFunction []
[2021.04.06-13.09.34:736][218]LogOutputDevice: Error: [Callstack] 0x00007ffef63e8699 UE4Editor-ApplicationCore.dll!UnknownFunction []
[2021.04.06-13.09.34:736][218]LogOutputDevice: Error: [Callstack] 0x00007ff794b46db0 UE4Editor.exe!UnknownFunction []
[2021.04.06-13.09.34:736][218]LogOutputDevice: Error: [Callstack] 0x00007ff794b5c3ec UE4Editor.exe!UnknownFunction []
[2021.04.06-13.09.34:736][218]LogOutputDevice: Error: [Callstack] 0x00007ff794b5c4ca UE4Editor.exe!UnknownFunction []
[2021.04.06-13.09.34:736][218]LogOutputDevice: Error: [Callstack] 0x00007ff794b6ceae UE4Editor.exe!UnknownFunction []
[2021.04.06-13.09.34:736][218]LogOutputDevice: Error: [Callstack] 0x00007ff794b6fcbe UE4Editor.exe!UnknownFunction []
[2021.04.06-13.09.34:736][218]LogOutputDevice: Error: [Callstack] 0x00007fff49fc7034 KERNEL32.DLL!UnknownFunction []
[2021.04.06-13.09.34:736][218]LogOutputDevice: Error: [Callstack] 0x00007fff4a1a2651 ntdll.dll!UnknownFunction []
[2021.04.06-13.09.34:736][218]LogOutputDevice: Error: 
[2021.04.06-13.09.34:768][218]LogStats:                SubmitErrorReport -  0.000 s
[2021.04.06-13.09.42:082][218]LogStats:                    SendNewReport -  7.314 s
[2021.04.06-13.09.42:083][218]LogStats:             FDebug::EnsureFailed -  9.034 s
[2021.04.06-13.09.42:083][218]LogUObjectArray: Warning: Invalid object index 6619245
[2021.04.06-13.09.42:090][218]LogTemp: Resetting audio stream to device id 
